<?xml version="1.0" encoding="UTF-8"?>
<testsuite xmlns:xsi="http://www.w3.org/2001/XMLSchema-instance" xsi:noNamespaceSchemaLocation="https://maven.apache.org/surefire/maven-failsafe-plugin/xsd/failsafe-test-report-3.0.xsd" version="3.0" name="CucumberTestSuite" time="20.303" tests="12" errors="0" skipped="0" failures="0">
  <properties>
    <property name="sun.desktop" value="windows"/>
    <property name="awt.toolkit" value="sun.awt.windows.WToolkit"/>
    <property name="java.specification.version" value="11"/>
    <property name="sun.cpu.isalist" value="amd64"/>
    <property name="sun.jnu.encoding" value="Cp1252"/>
    <property name="java.class.path" value="C:\Users\RICO\IdeaProjects\mini-project-alta\target\test-classes;C:\Users\RICO\.m2\repository\net\serenity-bdd\serenity-core\3.2.1\serenity-core-3.2.1.jar;C:\Users\RICO\.m2\repository\net\serenity-bdd\serenity-model\3.2.1\serenity-model-3.2.1.jar;C:\Users\RICO\.m2\repository\org\apache\commons\commons-text\1.9\commons-text-1.9.jar;C:\Users\RICO\.m2\repository\commons-net\commons-net\3.8.0\commons-net-3.8.0.jar;C:\Users\RICO\.m2\repository\com\google\guava\guava\31.1-jre\guava-31.1-jre.jar;C:\Users\RICO\.m2\repository\com\google\guava\failureaccess\1.0.1\failureaccess-1.0.1.jar;C:\Users\RICO\.m2\repository\com\google\guava\listenablefuture\9999.0-empty-to-avoid-conflict-with-guava\listenablefuture-9999.0-empty-to-avoid-conflict-with-guava.jar;C:\Users\RICO\.m2\repository\com\google\code\findbugs\jsr305\3.0.2\jsr305-3.0.2.jar;C:\Users\RICO\.m2\repository\org\checkerframework\checker-qual\3.12.0\checker-qual-3.12.0.jar;C:\Users\RICO\.m2\repository\com\google\errorprone\error_prone_annotations\2.11.0\error_prone_annotations-2.11.0.jar;C:\Users\RICO\.m2\repository\com\google\j2objc\j2objc-annotations\1.3\j2objc-annotations-1.3.jar;C:\Users\RICO\.m2\repository\com\google\inject\guice\5.1.0\guice-5.1.0.jar;C:\Users\RICO\.m2\repository\javax\inject\javax.inject\1\javax.inject-1.jar;C:\Users\RICO\.m2\repository\aopalliance\aopalliance\1.0\aopalliance-1.0.jar;C:\Users\RICO\.m2\repository\org\jsoup\jsoup\1.14.3\jsoup-1.14.3.jar;C:\Users\RICO\.m2\repository\com\thoughtworks\xstream\xstream\1.4.19\xstream-1.4.19.jar;C:\Users\RICO\.m2\repository\io\github\x-stream\mxparser\1.2.2\mxparser-1.2.2.jar;C:\Users\RICO\.m2\repository\xmlpull\xmlpull\1.1.3.1\xmlpull-1.1.3.1.jar;C:\Users\RICO\.m2\repository\io\cucumber\cucumber-java\7.2.3\cucumber-java-7.2.3.jar;C:\Users\RICO\.m2\repository\com\typesafe\config\1.4.2\config-1.4.2.jar;C:\Users\RICO\.m2\repository\org\imgscalr\imgscalr-lib\4.2\imgscalr-lib-4.2.jar;C:\Users\RICO\.m2\repository\org\awaitility\awaitility\4.2.0\awaitility-4.2.0.jar;C:\Users\RICO\.m2\repository\org\freemarker\freemarker\2.3.31\freemarker-2.3.31.jar;C:\Users\RICO\.m2\repository\io\github\classgraph\classgraph\4.8.138\classgraph-4.8.138.jar;C:\Users\RICO\.m2\repository\net\sourceforge\jexcelapi\jxl\2.6.12\jxl-2.6.12.jar;C:\Users\RICO\.m2\repository\net\bytebuddy\byte-buddy\1.12.8\byte-buddy-1.12.8.jar;C:\Users\RICO\.m2\repository\net\bytebuddy\byte-buddy-agent\1.12.8\byte-buddy-agent-1.12.8.jar;C:\Users\RICO\.m2\repository\org\objenesis\objenesis\3.1\objenesis-3.1.jar;C:\Users\RICO\.m2\repository\net\serenity-bdd\serenity-reports\3.2.1\serenity-reports-3.2.1.jar;C:\Users\RICO\.m2\repository\net\serenity-bdd\serenity-stats\3.2.1\serenity-stats-3.2.1.jar;C:\Users\RICO\.m2\repository\net\serenity-bdd\serenity-reports-configuration\3.2.1\serenity-reports-configuration-3.2.1.jar;C:\Users\RICO\.m2\repository\com\vladsch\flexmark\flexmark-all\0.34.30\flexmark-all-0.34.30.jar;C:\Users\RICO\.m2\repository\com\vladsch\flexmark\flexmark\0.34.30\flexmark-0.34.30.jar;C:\Users\RICO\.m2\repository\com\vladsch\flexmark\flexmark-ext-abbreviation\0.34.30\flexmark-ext-abbreviation-0.34.30.jar;C:\Users\RICO\.m2\repository\com\vladsch\flexmark\flexmark-ext-admonition\0.34.30\flexmark-ext-admonition-0.34.30.jar;C:\Users\RICO\.m2\repository\com\vladsch\flexmark\flexmark-ext-anchorlink\0.34.30\flexmark-ext-anchorlink-0.34.30.jar;C:\Users\RICO\.m2\repository\com\vladsch\flexmark\flexmark-ext-aside\0.34.30\flexmark-ext-aside-0.34.30.jar;C:\Users\RICO\.m2\repository\com\vladsch\flexmark\flexmark-ext-attributes\0.34.30\flexmark-ext-attributes-0.34.30.jar;C:\Users\RICO\.m2\repository\com\vladsch\flexmark\flexmark-ext-autolink\0.34.30\flexmark-ext-autolink-0.34.30.jar;C:\Users\RICO\.m2\repository\org\nibor\autolink\autolink\0.6.0\autolink-0.6.0.jar;C:\Users\RICO\.m2\repository\com\vladsch\flexmark\flexmark-ext-definition\0.34.30\flexmark-ext-definition-0.34.30.jar;C:\Users\RICO\.m2\repository\com\vladsch\flexmark\flexmark-ext-emoji\0.34.30\flexmark-ext-emoji-0.34.30.jar;C:\Users\RICO\.m2\repository\com\vladsch\flexmark\flexmark-ext-enumerated-reference\0.34.30\flexmark-ext-enumerated-reference-0.34.30.jar;C:\Users\RICO\.m2\repository\com\vladsch\flexmark\flexmark-ext-escaped-character\0.34.30\flexmark-ext-escaped-character-0.34.30.jar;C:\Users\RICO\.m2\repository\com\vladsch\flexmark\flexmark-ext-footnotes\0.34.30\flexmark-ext-footnotes-0.34.30.jar;C:\Users\RICO\.m2\repository\com\vladsch\flexmark\flexmark-ext-gfm-issues\0.34.30\flexmark-ext-gfm-issues-0.34.30.jar;C:\Users\RICO\.m2\repository\com\vladsch\flexmark\flexmark-ext-gfm-strikethrough\0.34.30\flexmark-ext-gfm-strikethrough-0.34.30.jar;C:\Users\RICO\.m2\repository\com\vladsch\flexmark\flexmark-ext-gfm-tables\0.34.30\flexmark-ext-gfm-tables-0.34.30.jar;C:\Users\RICO\.m2\repository\com\vladsch\flexmark\flexmark-ext-gfm-tasklist\0.34.30\flexmark-ext-gfm-tasklist-0.34.30.jar;C:\Users\RICO\.m2\repository\com\vladsch\flexmark\flexmark-ext-gfm-users\0.34.30\flexmark-ext-gfm-users-0.34.30.jar;C:\Users\RICO\.m2\repository\com\vladsch\flexmark\flexmark-ext-gitlab\0.34.30\flexmark-ext-gitlab-0.34.30.jar;C:\Users\RICO\.m2\repository\com\vladsch\flexmark\flexmark-ext-jekyll-front-matter\0.34.30\flexmark-ext-jekyll-front-matter-0.34.30.jar;C:\Users\RICO\.m2\repository\com\vladsch\flexmark\flexmark-ext-jekyll-tag\0.34.30\flexmark-ext-jekyll-tag-0.34.30.jar;C:\Users\RICO\.m2\repository\com\vladsch\flexmark\flexmark-ext-media-tags\0.34.30\flexmark-ext-media-tags-0.34.30.jar;C:\Users\RICO\.m2\repository\com\vladsch\flexmark\flexmark-test-util\0.34.30\flexmark-test-util-0.34.30.jar;C:\Users\RICO\.m2\repository\com\vladsch\flexmark\flexmark-ext-ins\0.34.30\flexmark-ext-ins-0.34.30.jar;C:\Users\RICO\.m2\repository\com\vladsch\flexmark\flexmark-ext-xwiki-macros\0.34.30\flexmark-ext-xwiki-macros-0.34.30.jar;C:\Users\RICO\.m2\repository\com\vladsch\flexmark\flexmark-ext-superscript\0.34.30\flexmark-ext-superscript-0.34.30.jar;C:\Users\RICO\.m2\repository\com\vladsch\flexmark\flexmark-ext-tables\0.34.30\flexmark-ext-tables-0.34.30.jar;C:\Users\RICO\.m2\repository\com\vladsch\flexmark\flexmark-ext-toc\0.34.30\flexmark-ext-toc-0.34.30.jar;C:\Users\RICO\.m2\repository\com\vladsch\flexmark\flexmark-ext-typographic\0.34.30\flexmark-ext-typographic-0.34.30.jar;C:\Users\RICO\.m2\repository\com\vladsch\flexmark\flexmark-ext-wikilink\0.34.30\flexmark-ext-wikilink-0.34.30.jar;C:\Users\RICO\.m2\repository\com\vladsch\flexmark\flexmark-ext-yaml-front-matter\0.34.30\flexmark-ext-yaml-front-matter-0.34.30.jar;C:\Users\RICO\.m2\repository\com\vladsch\flexmark\flexmark-ext-youtube-embedded\0.34.30\flexmark-ext-youtube-embedded-0.34.30.jar;C:\Users\RICO\.m2\repository\com\vladsch\flexmark\flexmark-formatter\0.34.30\flexmark-formatter-0.34.30.jar;C:\Users\RICO\.m2\repository\com\vladsch\flexmark\flexmark-html-parser\0.34.30\flexmark-html-parser-0.34.30.jar;C:\Users\RICO\.m2\repository\com\vladsch\flexmark\flexmark-jira-converter\0.34.30\flexmark-jira-converter-0.34.30.jar;C:\Users\RICO\.m2\repository\com\vladsch\flexmark\flexmark-pdf-converter\0.34.30\flexmark-pdf-converter-0.34.30.jar;C:\Users\RICO\.m2\repository\com\openhtmltopdf\openhtmltopdf-core\0.0.1-RC13\openhtmltopdf-core-0.0.1-RC13.jar;C:\Users\RICO\.m2\repository\com\openhtmltopdf\openhtmltopdf-pdfbox\0.0.1-RC13\openhtmltopdf-pdfbox-0.0.1-RC13.jar;C:\Users\RICO\.m2\repository\org\apache\pdfbox\pdfbox\2.0.8\pdfbox-2.0.8.jar;C:\Users\RICO\.m2\repository\org\apache\pdfbox\fontbox\2.0.8\fontbox-2.0.8.jar;C:\Users\RICO\.m2\repository\commons-logging\commons-logging\1.2\commons-logging-1.2.jar;C:\Users\RICO\.m2\repository\org\apache\pdfbox\xmpbox\2.0.8\xmpbox-2.0.8.jar;C:\Users\RICO\.m2\repository\de\rototor\pdfbox\graphics2d\0.12\graphics2d-0.12.jar;C:\Users\RICO\.m2\repository\com\openhtmltopdf\openhtmltopdf-rtl-support\0.0.1-RC13\openhtmltopdf-rtl-support-0.0.1-RC13.jar;C:\Users\RICO\.m2\repository\com\ibm\icu\icu4j\59.1\icu4j-59.1.jar;C:\Users\RICO\.m2\repository\com\openhtmltopdf\openhtmltopdf-jsoup-dom-converter\0.0.1-RC13\openhtmltopdf-jsoup-dom-converter-0.0.1-RC13.jar;C:\Users\RICO\.m2\repository\com\vladsch\flexmark\flexmark-profile-pegdown\0.34.30\flexmark-profile-pegdown-0.34.30.jar;C:\Users\RICO\.m2\repository\com\vladsch\flexmark\flexmark-util\0.34.30\flexmark-util-0.34.30.jar;C:\Users\RICO\.m2\repository\com\vladsch\flexmark\flexmark-youtrack-converter\0.34.30\flexmark-youtrack-converter-0.34.30.jar;C:\Users\RICO\.m2\repository\es\nitaur\markdown\txtmark\0.16\txtmark-0.16.jar;C:\Users\RICO\.m2\repository\net\serenity-bdd\serenity-report-resources\3.2.1\serenity-report-resources-3.2.1.jar;C:\Users\RICO\.m2\repository\com\google\code\gson\gson\2.9.0\gson-2.9.0.jar;C:\Users\RICO\.m2\repository\com\fasterxml\jackson\core\jackson-core\2.13.2\jackson-core-2.13.2.jar;C:\Users\RICO\.m2\repository\com\fasterxml\jackson\core\jackson-databind\2.13.2\jackson-databind-2.13.2.jar;C:\Users\RICO\.m2\repository\com\fasterxml\jackson\core\jackson-annotations\2.13.2\jackson-annotations-2.13.2.jar;C:\Users\RICO\.m2\repository\commons-codec\commons-codec\1.15\commons-codec-1.15.jar;C:\Users\RICO\.m2\repository\commons-io\commons-io\2.11.0\commons-io-2.11.0.jar;C:\Users\RICO\.m2\repository\org\seleniumhq\selenium\selenium-java\4.1.2\selenium-java-4.1.2.jar;C:\Users\RICO\.m2\repository\org\seleniumhq\selenium\selenium-devtools-v85\4.1.2\selenium-devtools-v85-4.1.2.jar;C:\Users\RICO\.m2\repository\org\seleniumhq\selenium\selenium-devtools-v95\4.1.2\selenium-devtools-v95-4.1.2.jar;C:\Users\RICO\.m2\repository\org\seleniumhq\selenium\selenium-devtools-v96\4.1.2\selenium-devtools-v96-4.1.2.jar;C:\Users\RICO\.m2\repository\org\seleniumhq\selenium\selenium-devtools-v97\4.1.2\selenium-devtools-v97-4.1.2.jar;C:\Users\RICO\.m2\repository\org\seleniumhq\selenium\selenium-firefox-xpi-driver\4.1.2\selenium-firefox-xpi-driver-4.1.2.jar;C:\Users\RICO\.m2\repository\org\seleniumhq\selenium\selenium-opera-driver\4.1.2\selenium-opera-driver-4.1.2.jar;C:\Users\RICO\.m2\repository\org\seleniumhq\selenium\selenium-remote-driver\4.1.2\selenium-remote-driver-4.1.2.jar;C:\Users\RICO\.m2\repository\com\beust\jcommander\1.82\jcommander-1.82.jar;C:\Users\RICO\.m2\repository\io\netty\netty-buffer\4.1.73.Final\netty-buffer-4.1.73.Final.jar;C:\Users\RICO\.m2\repository\io\netty\netty-codec-http\4.1.73.Final\netty-codec-http-4.1.73.Final.jar;C:\Users\RICO\.m2\repository\io\netty\netty-codec\4.1.73.Final\netty-codec-4.1.73.Final.jar;C:\Users\RICO\.m2\repository\io\netty\netty-handler\4.1.73.Final\netty-handler-4.1.73.Final.jar;C:\Users\RICO\.m2\repository\io\netty\netty-tcnative-classes\2.0.46.Final\netty-tcnative-classes-2.0.46.Final.jar;C:\Users\RICO\.m2\repository\io\netty\netty-common\4.1.73.Final\netty-common-4.1.73.Final.jar;C:\Users\RICO\.m2\repository\io\netty\netty-transport-classes-epoll\4.1.73.Final\netty-transport-classes-epoll-4.1.73.Final.jar;C:\Users\RICO\.m2\repository\io\netty\netty-transport-classes-kqueue\4.1.73.Final\netty-transport-classes-kqueue-4.1.73.Final.jar;C:\Users\RICO\.m2\repository\io\netty\netty-transport-native-epoll\4.1.73.Final\netty-transport-native-epoll-4.1.73.Final.jar;C:\Users\RICO\.m2\repository\io\netty\netty-transport-native-kqueue\4.1.73.Final\netty-transport-native-kqueue-4.1.73.Final.jar;C:\Users\RICO\.m2\repository\io\netty\netty-transport-native-unix-common\4.1.73.Final\netty-transport-native-unix-common-4.1.73.Final.jar;C:\Users\RICO\.m2\repository\io\netty\netty-transport\4.1.73.Final\netty-transport-4.1.73.Final.jar;C:\Users\RICO\.m2\repository\io\netty\netty-resolver\4.1.73.Final\netty-resolver-4.1.73.Final.jar;C:\Users\RICO\.m2\repository\io\opentelemetry\opentelemetry-api\1.10.1\opentelemetry-api-1.10.1.jar;C:\Users\RICO\.m2\repository\io\opentelemetry\opentelemetry-context\1.10.1\opentelemetry-context-1.10.1.jar;C:\Users\RICO\.m2\repository\io\opentelemetry\opentelemetry-exporter-logging\1.10.1\opentelemetry-exporter-logging-1.10.1.jar;C:\Users\RICO\.m2\repository\io\opentelemetry\opentelemetry-sdk-metrics\1.10.1-alpha\opentelemetry-sdk-metrics-1.10.1-alpha.jar;C:\Users\RICO\.m2\repository\io\opentelemetry\opentelemetry-sdk-logs\1.10.1-alpha\opentelemetry-sdk-logs-1.10.1-alpha.jar;C:\Users\RICO\.m2\repository\io\opentelemetry\opentelemetry-sdk-common\1.10.1\opentelemetry-sdk-common-1.10.1.jar;C:\Users\RICO\.m2\repository\io\opentelemetry\opentelemetry-sdk-extension-autoconfigure-spi\1.10.1\opentelemetry-sdk-extension-autoconfigure-spi-1.10.1.jar;C:\Users\RICO\.m2\repository\io\opentelemetry\opentelemetry-sdk-extension-autoconfigure\1.10.1-alpha\opentelemetry-sdk-extension-autoconfigure-1.10.1-alpha.jar;C:\Users\RICO\.m2\repository\io\opentelemetry\opentelemetry-sdk-trace\1.10.1\opentelemetry-sdk-trace-1.10.1.jar;C:\Users\RICO\.m2\repository\io\opentelemetry\opentelemetry-sdk\1.10.1\opentelemetry-sdk-1.10.1.jar;C:\Users\RICO\.m2\repository\io\opentelemetry\opentelemetry-semconv\1.10.1-alpha\opentelemetry-semconv-1.10.1-alpha.jar;C:\Users\RICO\.m2\repository\io\ous\jtoml\2.0.0\jtoml-2.0.0.jar;C:\Users\RICO\.m2\repository\org\apache\commons\commons-exec\1.3\commons-exec-1.3.jar;C:\Users\RICO\.m2\repository\org\asynchttpclient\async-http-client\2.12.3\async-http-client-2.12.3.jar;C:\Users\RICO\.m2\repository\org\asynchttpclient\async-http-client-netty-utils\2.12.3\async-http-client-netty-utils-2.12.3.jar;C:\Users\RICO\.m2\repository\io\netty\netty-codec-socks\4.1.60.Final\netty-codec-socks-4.1.60.Final.jar;C:\Users\RICO\.m2\repository\io\netty\netty-handler-proxy\4.1.60.Final\netty-handler-proxy-4.1.60.Final.jar;C:\Users\RICO\.m2\repository\io\netty\netty-transport-native-epoll\4.1.60.Final\netty-transport-native-epoll-4.1.60.Final-linux-x86_64.jar;C:\Users\RICO\.m2\repository\io\netty\netty-transport-native-kqueue\4.1.60.Final\netty-transport-native-kqueue-4.1.60.Final-osx-x86_64.jar;C:\Users\RICO\.m2\repository\org\reactivestreams\reactive-streams\1.0.3\reactive-streams-1.0.3.jar;C:\Users\RICO\.m2\repository\com\typesafe\netty\netty-reactive-streams\2.0.4\netty-reactive-streams-2.0.4.jar;C:\Users\RICO\.m2\repository\org\seleniumhq\selenium\selenium-http\4.1.2\selenium-http-4.1.2.jar;C:\Users\RICO\.m2\repository\net\jodah\failsafe\2.4.4\failsafe-2.4.4.jar;C:\Users\RICO\.m2\repository\org\seleniumhq\selenium\selenium-safari-driver\4.1.2\selenium-safari-driver-4.1.2.jar;C:\Users\RICO\.m2\repository\org\seleniumhq\selenium\selenium-api\4.1.2\selenium-api-4.1.2.jar;C:\Users\RICO\.m2\repository\org\seleniumhq\selenium\selenium-support\4.1.2\selenium-support-4.1.2.jar;C:\Users\RICO\.m2\repository\com\google\auto\service\auto-service-annotations\1.0.1\auto-service-annotations-1.0.1.jar;C:\Users\RICO\.m2\repository\com\google\auto\service\auto-service\1.0.1\auto-service-1.0.1.jar;C:\Users\RICO\.m2\repository\com\google\auto\auto-common\1.2\auto-common-1.2.jar;C:\Users\RICO\.m2\repository\org\seleniumhq\selenium\selenium-json\4.1.2\selenium-json-4.1.2.jar;C:\Users\RICO\.m2\repository\org\seleniumhq\selenium\selenium-chrome-driver\4.1.2\selenium-chrome-driver-4.1.2.jar;C:\Users\RICO\.m2\repository\org\seleniumhq\selenium\selenium-chromium-driver\4.1.2\selenium-chromium-driver-4.1.2.jar;C:\Users\RICO\.m2\repository\org\seleniumhq\selenium\selenium-firefox-driver\4.1.2\selenium-firefox-driver-4.1.2.jar;C:\Users\RICO\.m2\repository\org\seleniumhq\selenium\selenium-edge-driver\4.1.2\selenium-edge-driver-4.1.2.jar;C:\Users\RICO\.m2\repository\org\seleniumhq\selenium\selenium-ie-driver\4.1.2\selenium-ie-driver-4.1.2.jar;C:\Users\RICO\.m2\repository\org\projectlombok\lombok\1.18.20\lombok-1.18.20.jar;C:\Users\RICO\.m2\repository\io\appium\java-client\8.0.0\java-client-8.0.0.jar;C:\Users\RICO\.m2\repository\commons-validator\commons-validator\1.7\commons-validator-1.7.jar;C:\Users\RICO\.m2\repository\commons-digester\commons-digester\2.1\commons-digester-2.1.jar;C:\Users\RICO\.m2\repository\org\aspectj\aspectjweaver\1.9.8\aspectjweaver-1.9.8.jar;C:\Users\RICO\.m2\repository\org\codehaus\groovy\groovy\3.0.10\groovy-3.0.10.jar;C:\Users\RICO\.m2\repository\net\sf\opencsv\opencsv\2.0\opencsv-2.0.jar;C:\Users\RICO\.m2\repository\commons-beanutils\commons-beanutils\1.9.4\commons-beanutils-1.9.4.jar;C:\Users\RICO\.m2\repository\org\apache\commons\commons-lang3\3.12.0\commons-lang3-3.12.0.jar;C:\Users\RICO\.m2\repository\commons-collections\commons-collections\3.2.2\commons-collections-3.2.2.jar;C:\Users\RICO\.m2\repository\org\fluentlenium\fluentlenium-core\0.10.2\fluentlenium-core-0.10.2.jar;C:\Users\RICO\.m2\repository\io\github\bonigarcia\webdrivermanager\5.1.0\webdrivermanager-5.1.0.jar;C:\Users\RICO\.m2\repository\com\github\docker-java\docker-java\3.2.13\docker-java-3.2.13.jar;C:\Users\RICO\.m2\repository\com\github\docker-java\docker-java-core\3.2.13\docker-java-core-3.2.13.jar;C:\Users\RICO\.m2\repository\com\github\docker-java\docker-java-api\3.2.13\docker-java-api-3.2.13.jar;C:\Users\RICO\.m2\repository\org\apache\commons\commons-compress\1.21\commons-compress-1.21.jar;C:\Users\RICO\.m2\repository\org\bouncycastle\bcpkix-jdk15on\1.64\bcpkix-jdk15on-1.64.jar;C:\Users\RICO\.m2\repository\org\bouncycastle\bcprov-jdk15on\1.64\bcprov-jdk15on-1.64.jar;C:\Users\RICO\.m2\repository\org\slf4j\jcl-over-slf4j\1.7.30\jcl-over-slf4j-1.7.30.jar;C:\Users\RICO\.m2\repository\com\github\docker-java\docker-java-transport-httpclient5\3.2.13\docker-java-transport-httpclient5-3.2.13.jar;C:\Users\RICO\.m2\repository\com\github\docker-java\docker-java-transport\3.2.13\docker-java-transport-3.2.13.jar;C:\Users\RICO\.m2\repository\org\apache\httpcomponents\client5\httpclient5\5.0.3\httpclient5-5.0.3.jar;C:\Users\RICO\.m2\repository\org\apache\httpcomponents\core5\httpcore5\5.0.2\httpcore5-5.0.2.jar;C:\Users\RICO\.m2\repository\net\java\dev\jna\jna\5.8.0\jna-5.8.0.jar;C:\Users\RICO\.m2\repository\org\brotli\dec\0.1.2\dec-0.1.2.jar;C:\Users\RICO\.m2\repository\com\jhlabs\filters\2.0.235\filters-2.0.235.jar;C:\Users\RICO\.m2\repository\com\paulhammant\ngwebdriver\1.1.6\ngwebdriver-1.1.6.jar;C:\Users\RICO\.m2\repository\joda-time\joda-time\2.8.2\joda-time-2.8.2.jar;C:\Users\RICO\.m2\repository\org\hamcrest\hamcrest\2.2\hamcrest-2.2.jar;C:\Users\RICO\.m2\repository\com\google\jimfs\jimfs\1.2\jimfs-1.2.jar;C:\Users\RICO\.m2\repository\org\mockito\mockito-core\3.3.3\mockito-core-3.3.3.jar;C:\Users\RICO\.m2\repository\javax\xml\bind\jaxb-api\2.3.1\jaxb-api-2.3.1.jar;C:\Users\RICO\.m2\repository\javax\activation\javax.activation-api\1.2.0\javax.activation-api-1.2.0.jar;C:\Users\RICO\.m2\repository\com\sun\xml\bind\jaxb-core\2.3.0.1\jaxb-core-2.3.0.1.jar;C:\Users\RICO\.m2\repository\com\sun\xml\bind\jaxb-impl\2.3.3\jaxb-impl-2.3.3.jar;C:\Users\RICO\.m2\repository\jakarta\xml\bind\jakarta.xml.bind-api\2.3.3\jakarta.xml.bind-api-2.3.3.jar;C:\Users\RICO\.m2\repository\com\sun\activation\jakarta.activation\1.2.2\jakarta.activation-1.2.2.jar;C:\Users\RICO\.m2\repository\javax\activation\activation\1.1.1\activation-1.1.1.jar;C:\Users\RICO\.m2\repository\net\serenity-bdd\serenity-cucumber\3.2.1\serenity-cucumber-3.2.1.jar;C:\Users\RICO\.m2\repository\io\cucumber\cucumber-core\7.2.3\cucumber-core-7.2.3.jar;C:\Users\RICO\.m2\repository\io\cucumber\cucumber-gherkin\7.2.3\cucumber-gherkin-7.2.3.jar;C:\Users\RICO\.m2\repository\io\cucumber\cucumber-gherkin-messages\7.2.3\cucumber-gherkin-messages-7.2.3.jar;C:\Users\RICO\.m2\repository\io\cucumber\messages\17.1.1\messages-17.1.1.jar;C:\Users\RICO\.m2\repository\io\cucumber\tag-expressions\4.1.0\tag-expressions-4.1.0.jar;C:\Users\RICO\.m2\repository\io\cucumber\cucumber-expressions\15.0.1\cucumber-expressions-15.0.1.jar;C:\Users\RICO\.m2\repository\io\cucumber\datatable\7.2.3\datatable-7.2.3.jar;C:\Users\RICO\.m2\repository\io\cucumber\cucumber-plugin\7.2.3\cucumber-plugin-7.2.3.jar;C:\Users\RICO\.m2\repository\io\cucumber\docstring\7.2.3\docstring-7.2.3.jar;C:\Users\RICO\.m2\repository\io\cucumber\html-formatter\17.0.0\html-formatter-17.0.0.jar;C:\Users\RICO\.m2\repository\io\cucumber\ci-environment\8.1.0\ci-environment-8.1.0.jar;C:\Users\RICO\.m2\repository\io\cucumber\cucumber-junit\7.2.3\cucumber-junit-7.2.3.jar;C:\Users\RICO\.m2\repository\org\apache\commons\commons-csv\1.5\commons-csv-1.5.jar;C:\Users\RICO\.m2\repository\net\serenity-bdd\serenity-screenplay\3.2.1\serenity-screenplay-3.2.1.jar;C:\Users\RICO\.m2\repository\net\serenity-bdd\serenity-screenplay-webdriver\3.2.1\serenity-screenplay-webdriver-3.2.1.jar;C:\Users\RICO\.m2\repository\net\serenity-bdd\serenity-ensure\3.2.1\serenity-ensure-3.2.1.jar;C:\Users\RICO\.m2\repository\net\serenity-bdd\serenity-junit\3.2.1\serenity-junit-3.2.1.jar;C:\Users\RICO\.m2\repository\org\jetbrains\kotlin\kotlin-stdlib\1.6.0\kotlin-stdlib-1.6.0.jar;C:\Users\RICO\.m2\repository\org\jetbrains\annotations\13.0\annotations-13.0.jar;C:\Users\RICO\.m2\repository\org\jetbrains\kotlin\kotlin-stdlib-common\1.6.0\kotlin-stdlib-common-1.6.0.jar;C:\Users\RICO\.m2\repository\org\junit\platform\junit-platform-launcher\1.8.2\junit-platform-launcher-1.8.2.jar;C:\Users\RICO\.m2\repository\org\junit\platform\junit-platform-engine\1.8.2\junit-platform-engine-1.8.2.jar;C:\Users\RICO\.m2\repository\org\opentest4j\opentest4j\1.2.0\opentest4j-1.2.0.jar;C:\Users\RICO\.m2\repository\org\junit\platform\junit-platform-commons\1.8.2\junit-platform-commons-1.8.2.jar;C:\Users\RICO\.m2\repository\org\apiguardian\apiguardian-api\1.1.2\apiguardian-api-1.1.2.jar;C:\Users\RICO\.m2\repository\org\junit\jupiter\junit-jupiter-engine\5.8.2\junit-jupiter-engine-5.8.2.jar;C:\Users\RICO\.m2\repository\org\junit\jupiter\junit-jupiter-api\5.8.2\junit-jupiter-api-5.8.2.jar;C:\Users\RICO\.m2\repository\org\junit\vintage\junit-vintage-engine\5.8.2\junit-vintage-engine-5.8.2.jar;C:\Users\RICO\.m2\repository\junit\junit\4.13.2\junit-4.13.2.jar;C:\Users\RICO\.m2\repository\org\hamcrest\hamcrest-core\1.3\hamcrest-core-1.3.jar;C:\Users\RICO\.m2\repository\ch\qos\logback\logback-classic\1.2.11\logback-classic-1.2.11.jar;C:\Users\RICO\.m2\repository\ch\qos\logback\logback-core\1.2.11\logback-core-1.2.11.jar;C:\Users\RICO\.m2\repository\org\slf4j\slf4j-api\1.7.32\slf4j-api-1.7.32.jar;C:\Users\RICO\.m2\repository\org\assertj\assertj-core\3.22.0\assertj-core-3.22.0.jar;"/>
    <property name="java.vm.vendor" value="Oracle Corporation"/>
    <property name="sun.arch.data.model" value="64"/>
    <property name="user.variant" value=""/>
    <property name="java.vendor.url" value="http://java.oracle.com/"/>
    <property name="user.timezone" value="Asia/Bangkok"/>
    <property name="java.vm.specification.version" value="11"/>
    <property name="os.name" value="Windows 10"/>
    <property name="sun.java.launcher" value="SUN_STANDARD"/>
    <property name="user.country" value="US"/>
    <property name="sun.boot.library.path" value="C:\Program Files\Java\jdk-11.0.2\bin"/>
    <property name="sun.java.command" value="org.apache.maven.surefire.booter.ForkedBooter C:\Users\RICO\AppData\Local\Temp\surefire7893472580263814253 2022-05-11T15-11-47_205-jvmRun1 surefire16534742051688988858tmp surefire_013383835304058884476tmp"/>
    <property name="jdk.debug" value="release"/>
    <property name="surefire.test.class.path" value="C:\Users\RICO\IdeaProjects\mini-project-alta\target\test-classes;C:\Users\RICO\.m2\repository\net\serenity-bdd\serenity-core\3.2.1\serenity-core-3.2.1.jar;C:\Users\RICO\.m2\repository\net\serenity-bdd\serenity-model\3.2.1\serenity-model-3.2.1.jar;C:\Users\RICO\.m2\repository\org\apache\commons\commons-text\1.9\commons-text-1.9.jar;C:\Users\RICO\.m2\repository\commons-net\commons-net\3.8.0\commons-net-3.8.0.jar;C:\Users\RICO\.m2\repository\com\google\guava\guava\31.1-jre\guava-31.1-jre.jar;C:\Users\RICO\.m2\repository\com\google\guava\failureaccess\1.0.1\failureaccess-1.0.1.jar;C:\Users\RICO\.m2\repository\com\google\guava\listenablefuture\9999.0-empty-to-avoid-conflict-with-guava\listenablefuture-9999.0-empty-to-avoid-conflict-with-guava.jar;C:\Users\RICO\.m2\repository\com\google\code\findbugs\jsr305\3.0.2\jsr305-3.0.2.jar;C:\Users\RICO\.m2\repository\org\checkerframework\checker-qual\3.12.0\checker-qual-3.12.0.jar;C:\Users\RICO\.m2\repository\com\google\errorprone\error_prone_annotations\2.11.0\error_prone_annotations-2.11.0.jar;C:\Users\RICO\.m2\repository\com\google\j2objc\j2objc-annotations\1.3\j2objc-annotations-1.3.jar;C:\Users\RICO\.m2\repository\com\google\inject\guice\5.1.0\guice-5.1.0.jar;C:\Users\RICO\.m2\repository\javax\inject\javax.inject\1\javax.inject-1.jar;C:\Users\RICO\.m2\repository\aopalliance\aopalliance\1.0\aopalliance-1.0.jar;C:\Users\RICO\.m2\repository\org\jsoup\jsoup\1.14.3\jsoup-1.14.3.jar;C:\Users\RICO\.m2\repository\com\thoughtworks\xstream\xstream\1.4.19\xstream-1.4.19.jar;C:\Users\RICO\.m2\repository\io\github\x-stream\mxparser\1.2.2\mxparser-1.2.2.jar;C:\Users\RICO\.m2\repository\xmlpull\xmlpull\1.1.3.1\xmlpull-1.1.3.1.jar;C:\Users\RICO\.m2\repository\io\cucumber\cucumber-java\7.2.3\cucumber-java-7.2.3.jar;C:\Users\RICO\.m2\repository\com\typesafe\config\1.4.2\config-1.4.2.jar;C:\Users\RICO\.m2\repository\org\imgscalr\imgscalr-lib\4.2\imgscalr-lib-4.2.jar;C:\Users\RICO\.m2\repository\org\awaitility\awaitility\4.2.0\awaitility-4.2.0.jar;C:\Users\RICO\.m2\repository\org\freemarker\freemarker\2.3.31\freemarker-2.3.31.jar;C:\Users\RICO\.m2\repository\io\github\classgraph\classgraph\4.8.138\classgraph-4.8.138.jar;C:\Users\RICO\.m2\repository\net\sourceforge\jexcelapi\jxl\2.6.12\jxl-2.6.12.jar;C:\Users\RICO\.m2\repository\net\bytebuddy\byte-buddy\1.12.8\byte-buddy-1.12.8.jar;C:\Users\RICO\.m2\repository\net\bytebuddy\byte-buddy-agent\1.12.8\byte-buddy-agent-1.12.8.jar;C:\Users\RICO\.m2\repository\org\objenesis\objenesis\3.1\objenesis-3.1.jar;C:\Users\RICO\.m2\repository\net\serenity-bdd\serenity-reports\3.2.1\serenity-reports-3.2.1.jar;C:\Users\RICO\.m2\repository\net\serenity-bdd\serenity-stats\3.2.1\serenity-stats-3.2.1.jar;C:\Users\RICO\.m2\repository\net\serenity-bdd\serenity-reports-configuration\3.2.1\serenity-reports-configuration-3.2.1.jar;C:\Users\RICO\.m2\repository\com\vladsch\flexmark\flexmark-all\0.34.30\flexmark-all-0.34.30.jar;C:\Users\RICO\.m2\repository\com\vladsch\flexmark\flexmark\0.34.30\flexmark-0.34.30.jar;C:\Users\RICO\.m2\repository\com\vladsch\flexmark\flexmark-ext-abbreviation\0.34.30\flexmark-ext-abbreviation-0.34.30.jar;C:\Users\RICO\.m2\repository\com\vladsch\flexmark\flexmark-ext-admonition\0.34.30\flexmark-ext-admonition-0.34.30.jar;C:\Users\RICO\.m2\repository\com\vladsch\flexmark\flexmark-ext-anchorlink\0.34.30\flexmark-ext-anchorlink-0.34.30.jar;C:\Users\RICO\.m2\repository\com\vladsch\flexmark\flexmark-ext-aside\0.34.30\flexmark-ext-aside-0.34.30.jar;C:\Users\RICO\.m2\repository\com\vladsch\flexmark\flexmark-ext-attributes\0.34.30\flexmark-ext-attributes-0.34.30.jar;C:\Users\RICO\.m2\repository\com\vladsch\flexmark\flexmark-ext-autolink\0.34.30\flexmark-ext-autolink-0.34.30.jar;C:\Users\RICO\.m2\repository\org\nibor\autolink\autolink\0.6.0\autolink-0.6.0.jar;C:\Users\RICO\.m2\repository\com\vladsch\flexmark\flexmark-ext-definition\0.34.30\flexmark-ext-definition-0.34.30.jar;C:\Users\RICO\.m2\repository\com\vladsch\flexmark\flexmark-ext-emoji\0.34.30\flexmark-ext-emoji-0.34.30.jar;C:\Users\RICO\.m2\repository\com\vladsch\flexmark\flexmark-ext-enumerated-reference\0.34.30\flexmark-ext-enumerated-reference-0.34.30.jar;C:\Users\RICO\.m2\repository\com\vladsch\flexmark\flexmark-ext-escaped-character\0.34.30\flexmark-ext-escaped-character-0.34.30.jar;C:\Users\RICO\.m2\repository\com\vladsch\flexmark\flexmark-ext-footnotes\0.34.30\flexmark-ext-footnotes-0.34.30.jar;C:\Users\RICO\.m2\repository\com\vladsch\flexmark\flexmark-ext-gfm-issues\0.34.30\flexmark-ext-gfm-issues-0.34.30.jar;C:\Users\RICO\.m2\repository\com\vladsch\flexmark\flexmark-ext-gfm-strikethrough\0.34.30\flexmark-ext-gfm-strikethrough-0.34.30.jar;C:\Users\RICO\.m2\repository\com\vladsch\flexmark\flexmark-ext-gfm-tables\0.34.30\flexmark-ext-gfm-tables-0.34.30.jar;C:\Users\RICO\.m2\repository\com\vladsch\flexmark\flexmark-ext-gfm-tasklist\0.34.30\flexmark-ext-gfm-tasklist-0.34.30.jar;C:\Users\RICO\.m2\repository\com\vladsch\flexmark\flexmark-ext-gfm-users\0.34.30\flexmark-ext-gfm-users-0.34.30.jar;C:\Users\RICO\.m2\repository\com\vladsch\flexmark\flexmark-ext-gitlab\0.34.30\flexmark-ext-gitlab-0.34.30.jar;C:\Users\RICO\.m2\repository\com\vladsch\flexmark\flexmark-ext-jekyll-front-matter\0.34.30\flexmark-ext-jekyll-front-matter-0.34.30.jar;C:\Users\RICO\.m2\repository\com\vladsch\flexmark\flexmark-ext-jekyll-tag\0.34.30\flexmark-ext-jekyll-tag-0.34.30.jar;C:\Users\RICO\.m2\repository\com\vladsch\flexmark\flexmark-ext-media-tags\0.34.30\flexmark-ext-media-tags-0.34.30.jar;C:\Users\RICO\.m2\repository\com\vladsch\flexmark\flexmark-test-util\0.34.30\flexmark-test-util-0.34.30.jar;C:\Users\RICO\.m2\repository\com\vladsch\flexmark\flexmark-ext-ins\0.34.30\flexmark-ext-ins-0.34.30.jar;C:\Users\RICO\.m2\repository\com\vladsch\flexmark\flexmark-ext-xwiki-macros\0.34.30\flexmark-ext-xwiki-macros-0.34.30.jar;C:\Users\RICO\.m2\repository\com\vladsch\flexmark\flexmark-ext-superscript\0.34.30\flexmark-ext-superscript-0.34.30.jar;C:\Users\RICO\.m2\repository\com\vladsch\flexmark\flexmark-ext-tables\0.34.30\flexmark-ext-tables-0.34.30.jar;C:\Users\RICO\.m2\repository\com\vladsch\flexmark\flexmark-ext-toc\0.34.30\flexmark-ext-toc-0.34.30.jar;C:\Users\RICO\.m2\repository\com\vladsch\flexmark\flexmark-ext-typographic\0.34.30\flexmark-ext-typographic-0.34.30.jar;C:\Users\RICO\.m2\repository\com\vladsch\flexmark\flexmark-ext-wikilink\0.34.30\flexmark-ext-wikilink-0.34.30.jar;C:\Users\RICO\.m2\repository\com\vladsch\flexmark\flexmark-ext-yaml-front-matter\0.34.30\flexmark-ext-yaml-front-matter-0.34.30.jar;C:\Users\RICO\.m2\repository\com\vladsch\flexmark\flexmark-ext-youtube-embedded\0.34.30\flexmark-ext-youtube-embedded-0.34.30.jar;C:\Users\RICO\.m2\repository\com\vladsch\flexmark\flexmark-formatter\0.34.30\flexmark-formatter-0.34.30.jar;C:\Users\RICO\.m2\repository\com\vladsch\flexmark\flexmark-html-parser\0.34.30\flexmark-html-parser-0.34.30.jar;C:\Users\RICO\.m2\repository\com\vladsch\flexmark\flexmark-jira-converter\0.34.30\flexmark-jira-converter-0.34.30.jar;C:\Users\RICO\.m2\repository\com\vladsch\flexmark\flexmark-pdf-converter\0.34.30\flexmark-pdf-converter-0.34.30.jar;C:\Users\RICO\.m2\repository\com\openhtmltopdf\openhtmltopdf-core\0.0.1-RC13\openhtmltopdf-core-0.0.1-RC13.jar;C:\Users\RICO\.m2\repository\com\openhtmltopdf\openhtmltopdf-pdfbox\0.0.1-RC13\openhtmltopdf-pdfbox-0.0.1-RC13.jar;C:\Users\RICO\.m2\repository\org\apache\pdfbox\pdfbox\2.0.8\pdfbox-2.0.8.jar;C:\Users\RICO\.m2\repository\org\apache\pdfbox\fontbox\2.0.8\fontbox-2.0.8.jar;C:\Users\RICO\.m2\repository\commons-logging\commons-logging\1.2\commons-logging-1.2.jar;C:\Users\RICO\.m2\repository\org\apache\pdfbox\xmpbox\2.0.8\xmpbox-2.0.8.jar;C:\Users\RICO\.m2\repository\de\rototor\pdfbox\graphics2d\0.12\graphics2d-0.12.jar;C:\Users\RICO\.m2\repository\com\openhtmltopdf\openhtmltopdf-rtl-support\0.0.1-RC13\openhtmltopdf-rtl-support-0.0.1-RC13.jar;C:\Users\RICO\.m2\repository\com\ibm\icu\icu4j\59.1\icu4j-59.1.jar;C:\Users\RICO\.m2\repository\com\openhtmltopdf\openhtmltopdf-jsoup-dom-converter\0.0.1-RC13\openhtmltopdf-jsoup-dom-converter-0.0.1-RC13.jar;C:\Users\RICO\.m2\repository\com\vladsch\flexmark\flexmark-profile-pegdown\0.34.30\flexmark-profile-pegdown-0.34.30.jar;C:\Users\RICO\.m2\repository\com\vladsch\flexmark\flexmark-util\0.34.30\flexmark-util-0.34.30.jar;C:\Users\RICO\.m2\repository\com\vladsch\flexmark\flexmark-youtrack-converter\0.34.30\flexmark-youtrack-converter-0.34.30.jar;C:\Users\RICO\.m2\repository\es\nitaur\markdown\txtmark\0.16\txtmark-0.16.jar;C:\Users\RICO\.m2\repository\net\serenity-bdd\serenity-report-resources\3.2.1\serenity-report-resources-3.2.1.jar;C:\Users\RICO\.m2\repository\com\google\code\gson\gson\2.9.0\gson-2.9.0.jar;C:\Users\RICO\.m2\repository\com\fasterxml\jackson\core\jackson-core\2.13.2\jackson-core-2.13.2.jar;C:\Users\RICO\.m2\repository\com\fasterxml\jackson\core\jackson-databind\2.13.2\jackson-databind-2.13.2.jar;C:\Users\RICO\.m2\repository\com\fasterxml\jackson\core\jackson-annotations\2.13.2\jackson-annotations-2.13.2.jar;C:\Users\RICO\.m2\repository\commons-codec\commons-codec\1.15\commons-codec-1.15.jar;C:\Users\RICO\.m2\repository\commons-io\commons-io\2.11.0\commons-io-2.11.0.jar;C:\Users\RICO\.m2\repository\org\seleniumhq\selenium\selenium-java\4.1.2\selenium-java-4.1.2.jar;C:\Users\RICO\.m2\repository\org\seleniumhq\selenium\selenium-devtools-v85\4.1.2\selenium-devtools-v85-4.1.2.jar;C:\Users\RICO\.m2\repository\org\seleniumhq\selenium\selenium-devtools-v95\4.1.2\selenium-devtools-v95-4.1.2.jar;C:\Users\RICO\.m2\repository\org\seleniumhq\selenium\selenium-devtools-v96\4.1.2\selenium-devtools-v96-4.1.2.jar;C:\Users\RICO\.m2\repository\org\seleniumhq\selenium\selenium-devtools-v97\4.1.2\selenium-devtools-v97-4.1.2.jar;C:\Users\RICO\.m2\repository\org\seleniumhq\selenium\selenium-firefox-xpi-driver\4.1.2\selenium-firefox-xpi-driver-4.1.2.jar;C:\Users\RICO\.m2\repository\org\seleniumhq\selenium\selenium-opera-driver\4.1.2\selenium-opera-driver-4.1.2.jar;C:\Users\RICO\.m2\repository\org\seleniumhq\selenium\selenium-remote-driver\4.1.2\selenium-remote-driver-4.1.2.jar;C:\Users\RICO\.m2\repository\com\beust\jcommander\1.82\jcommander-1.82.jar;C:\Users\RICO\.m2\repository\io\netty\netty-buffer\4.1.73.Final\netty-buffer-4.1.73.Final.jar;C:\Users\RICO\.m2\repository\io\netty\netty-codec-http\4.1.73.Final\netty-codec-http-4.1.73.Final.jar;C:\Users\RICO\.m2\repository\io\netty\netty-codec\4.1.73.Final\netty-codec-4.1.73.Final.jar;C:\Users\RICO\.m2\repository\io\netty\netty-handler\4.1.73.Final\netty-handler-4.1.73.Final.jar;C:\Users\RICO\.m2\repository\io\netty\netty-tcnative-classes\2.0.46.Final\netty-tcnative-classes-2.0.46.Final.jar;C:\Users\RICO\.m2\repository\io\netty\netty-common\4.1.73.Final\netty-common-4.1.73.Final.jar;C:\Users\RICO\.m2\repository\io\netty\netty-transport-classes-epoll\4.1.73.Final\netty-transport-classes-epoll-4.1.73.Final.jar;C:\Users\RICO\.m2\repository\io\netty\netty-transport-classes-kqueue\4.1.73.Final\netty-transport-classes-kqueue-4.1.73.Final.jar;C:\Users\RICO\.m2\repository\io\netty\netty-transport-native-epoll\4.1.73.Final\netty-transport-native-epoll-4.1.73.Final.jar;C:\Users\RICO\.m2\repository\io\netty\netty-transport-native-kqueue\4.1.73.Final\netty-transport-native-kqueue-4.1.73.Final.jar;C:\Users\RICO\.m2\repository\io\netty\netty-transport-native-unix-common\4.1.73.Final\netty-transport-native-unix-common-4.1.73.Final.jar;C:\Users\RICO\.m2\repository\io\netty\netty-transport\4.1.73.Final\netty-transport-4.1.73.Final.jar;C:\Users\RICO\.m2\repository\io\netty\netty-resolver\4.1.73.Final\netty-resolver-4.1.73.Final.jar;C:\Users\RICO\.m2\repository\io\opentelemetry\opentelemetry-api\1.10.1\opentelemetry-api-1.10.1.jar;C:\Users\RICO\.m2\repository\io\opentelemetry\opentelemetry-context\1.10.1\opentelemetry-context-1.10.1.jar;C:\Users\RICO\.m2\repository\io\opentelemetry\opentelemetry-exporter-logging\1.10.1\opentelemetry-exporter-logging-1.10.1.jar;C:\Users\RICO\.m2\repository\io\opentelemetry\opentelemetry-sdk-metrics\1.10.1-alpha\opentelemetry-sdk-metrics-1.10.1-alpha.jar;C:\Users\RICO\.m2\repository\io\opentelemetry\opentelemetry-sdk-logs\1.10.1-alpha\opentelemetry-sdk-logs-1.10.1-alpha.jar;C:\Users\RICO\.m2\repository\io\opentelemetry\opentelemetry-sdk-common\1.10.1\opentelemetry-sdk-common-1.10.1.jar;C:\Users\RICO\.m2\repository\io\opentelemetry\opentelemetry-sdk-extension-autoconfigure-spi\1.10.1\opentelemetry-sdk-extension-autoconfigure-spi-1.10.1.jar;C:\Users\RICO\.m2\repository\io\opentelemetry\opentelemetry-sdk-extension-autoconfigure\1.10.1-alpha\opentelemetry-sdk-extension-autoconfigure-1.10.1-alpha.jar;C:\Users\RICO\.m2\repository\io\opentelemetry\opentelemetry-sdk-trace\1.10.1\opentelemetry-sdk-trace-1.10.1.jar;C:\Users\RICO\.m2\repository\io\opentelemetry\opentelemetry-sdk\1.10.1\opentelemetry-sdk-1.10.1.jar;C:\Users\RICO\.m2\repository\io\opentelemetry\opentelemetry-semconv\1.10.1-alpha\opentelemetry-semconv-1.10.1-alpha.jar;C:\Users\RICO\.m2\repository\io\ous\jtoml\2.0.0\jtoml-2.0.0.jar;C:\Users\RICO\.m2\repository\org\apache\commons\commons-exec\1.3\commons-exec-1.3.jar;C:\Users\RICO\.m2\repository\org\asynchttpclient\async-http-client\2.12.3\async-http-client-2.12.3.jar;C:\Users\RICO\.m2\repository\org\asynchttpclient\async-http-client-netty-utils\2.12.3\async-http-client-netty-utils-2.12.3.jar;C:\Users\RICO\.m2\repository\io\netty\netty-codec-socks\4.1.60.Final\netty-codec-socks-4.1.60.Final.jar;C:\Users\RICO\.m2\repository\io\netty\netty-handler-proxy\4.1.60.Final\netty-handler-proxy-4.1.60.Final.jar;C:\Users\RICO\.m2\repository\io\netty\netty-transport-native-epoll\4.1.60.Final\netty-transport-native-epoll-4.1.60.Final-linux-x86_64.jar;C:\Users\RICO\.m2\repository\io\netty\netty-transport-native-kqueue\4.1.60.Final\netty-transport-native-kqueue-4.1.60.Final-osx-x86_64.jar;C:\Users\RICO\.m2\repository\org\reactivestreams\reactive-streams\1.0.3\reactive-streams-1.0.3.jar;C:\Users\RICO\.m2\repository\com\typesafe\netty\netty-reactive-streams\2.0.4\netty-reactive-streams-2.0.4.jar;C:\Users\RICO\.m2\repository\org\seleniumhq\selenium\selenium-http\4.1.2\selenium-http-4.1.2.jar;C:\Users\RICO\.m2\repository\net\jodah\failsafe\2.4.4\failsafe-2.4.4.jar;C:\Users\RICO\.m2\repository\org\seleniumhq\selenium\selenium-safari-driver\4.1.2\selenium-safari-driver-4.1.2.jar;C:\Users\RICO\.m2\repository\org\seleniumhq\selenium\selenium-api\4.1.2\selenium-api-4.1.2.jar;C:\Users\RICO\.m2\repository\org\seleniumhq\selenium\selenium-support\4.1.2\selenium-support-4.1.2.jar;C:\Users\RICO\.m2\repository\com\google\auto\service\auto-service-annotations\1.0.1\auto-service-annotations-1.0.1.jar;C:\Users\RICO\.m2\repository\com\google\auto\service\auto-service\1.0.1\auto-service-1.0.1.jar;C:\Users\RICO\.m2\repository\com\google\auto\auto-common\1.2\auto-common-1.2.jar;C:\Users\RICO\.m2\repository\org\seleniumhq\selenium\selenium-json\4.1.2\selenium-json-4.1.2.jar;C:\Users\RICO\.m2\repository\org\seleniumhq\selenium\selenium-chrome-driver\4.1.2\selenium-chrome-driver-4.1.2.jar;C:\Users\RICO\.m2\repository\org\seleniumhq\selenium\selenium-chromium-driver\4.1.2\selenium-chromium-driver-4.1.2.jar;C:\Users\RICO\.m2\repository\org\seleniumhq\selenium\selenium-firefox-driver\4.1.2\selenium-firefox-driver-4.1.2.jar;C:\Users\RICO\.m2\repository\org\seleniumhq\selenium\selenium-edge-driver\4.1.2\selenium-edge-driver-4.1.2.jar;C:\Users\RICO\.m2\repository\org\seleniumhq\selenium\selenium-ie-driver\4.1.2\selenium-ie-driver-4.1.2.jar;C:\Users\RICO\.m2\repository\org\projectlombok\lombok\1.18.20\lombok-1.18.20.jar;C:\Users\RICO\.m2\repository\io\appium\java-client\8.0.0\java-client-8.0.0.jar;C:\Users\RICO\.m2\repository\commons-validator\commons-validator\1.7\commons-validator-1.7.jar;C:\Users\RICO\.m2\repository\commons-digester\commons-digester\2.1\commons-digester-2.1.jar;C:\Users\RICO\.m2\repository\org\aspectj\aspectjweaver\1.9.8\aspectjweaver-1.9.8.jar;C:\Users\RICO\.m2\repository\org\codehaus\groovy\groovy\3.0.10\groovy-3.0.10.jar;C:\Users\RICO\.m2\repository\net\sf\opencsv\opencsv\2.0\opencsv-2.0.jar;C:\Users\RICO\.m2\repository\commons-beanutils\commons-beanutils\1.9.4\commons-beanutils-1.9.4.jar;C:\Users\RICO\.m2\repository\org\apache\commons\commons-lang3\3.12.0\commons-lang3-3.12.0.jar;C:\Users\RICO\.m2\repository\commons-collections\commons-collections\3.2.2\commons-collections-3.2.2.jar;C:\Users\RICO\.m2\repository\org\fluentlenium\fluentlenium-core\0.10.2\fluentlenium-core-0.10.2.jar;C:\Users\RICO\.m2\repository\io\github\bonigarcia\webdrivermanager\5.1.0\webdrivermanager-5.1.0.jar;C:\Users\RICO\.m2\repository\com\github\docker-java\docker-java\3.2.13\docker-java-3.2.13.jar;C:\Users\RICO\.m2\repository\com\github\docker-java\docker-java-core\3.2.13\docker-java-core-3.2.13.jar;C:\Users\RICO\.m2\repository\com\github\docker-java\docker-java-api\3.2.13\docker-java-api-3.2.13.jar;C:\Users\RICO\.m2\repository\org\apache\commons\commons-compress\1.21\commons-compress-1.21.jar;C:\Users\RICO\.m2\repository\org\bouncycastle\bcpkix-jdk15on\1.64\bcpkix-jdk15on-1.64.jar;C:\Users\RICO\.m2\repository\org\bouncycastle\bcprov-jdk15on\1.64\bcprov-jdk15on-1.64.jar;C:\Users\RICO\.m2\repository\org\slf4j\jcl-over-slf4j\1.7.30\jcl-over-slf4j-1.7.30.jar;C:\Users\RICO\.m2\repository\com\github\docker-java\docker-java-transport-httpclient5\3.2.13\docker-java-transport-httpclient5-3.2.13.jar;C:\Users\RICO\.m2\repository\com\github\docker-java\docker-java-transport\3.2.13\docker-java-transport-3.2.13.jar;C:\Users\RICO\.m2\repository\org\apache\httpcomponents\client5\httpclient5\5.0.3\httpclient5-5.0.3.jar;C:\Users\RICO\.m2\repository\org\apache\httpcomponents\core5\httpcore5\5.0.2\httpcore5-5.0.2.jar;C:\Users\RICO\.m2\repository\net\java\dev\jna\jna\5.8.0\jna-5.8.0.jar;C:\Users\RICO\.m2\repository\org\brotli\dec\0.1.2\dec-0.1.2.jar;C:\Users\RICO\.m2\repository\com\jhlabs\filters\2.0.235\filters-2.0.235.jar;C:\Users\RICO\.m2\repository\com\paulhammant\ngwebdriver\1.1.6\ngwebdriver-1.1.6.jar;C:\Users\RICO\.m2\repository\joda-time\joda-time\2.8.2\joda-time-2.8.2.jar;C:\Users\RICO\.m2\repository\org\hamcrest\hamcrest\2.2\hamcrest-2.2.jar;C:\Users\RICO\.m2\repository\com\google\jimfs\jimfs\1.2\jimfs-1.2.jar;C:\Users\RICO\.m2\repository\org\mockito\mockito-core\3.3.3\mockito-core-3.3.3.jar;C:\Users\RICO\.m2\repository\javax\xml\bind\jaxb-api\2.3.1\jaxb-api-2.3.1.jar;C:\Users\RICO\.m2\repository\javax\activation\javax.activation-api\1.2.0\javax.activation-api-1.2.0.jar;C:\Users\RICO\.m2\repository\com\sun\xml\bind\jaxb-core\2.3.0.1\jaxb-core-2.3.0.1.jar;C:\Users\RICO\.m2\repository\com\sun\xml\bind\jaxb-impl\2.3.3\jaxb-impl-2.3.3.jar;C:\Users\RICO\.m2\repository\jakarta\xml\bind\jakarta.xml.bind-api\2.3.3\jakarta.xml.bind-api-2.3.3.jar;C:\Users\RICO\.m2\repository\com\sun\activation\jakarta.activation\1.2.2\jakarta.activation-1.2.2.jar;C:\Users\RICO\.m2\repository\javax\activation\activation\1.1.1\activation-1.1.1.jar;C:\Users\RICO\.m2\repository\net\serenity-bdd\serenity-cucumber\3.2.1\serenity-cucumber-3.2.1.jar;C:\Users\RICO\.m2\repository\io\cucumber\cucumber-core\7.2.3\cucumber-core-7.2.3.jar;C:\Users\RICO\.m2\repository\io\cucumber\cucumber-gherkin\7.2.3\cucumber-gherkin-7.2.3.jar;C:\Users\RICO\.m2\repository\io\cucumber\cucumber-gherkin-messages\7.2.3\cucumber-gherkin-messages-7.2.3.jar;C:\Users\RICO\.m2\repository\io\cucumber\messages\17.1.1\messages-17.1.1.jar;C:\Users\RICO\.m2\repository\io\cucumber\tag-expressions\4.1.0\tag-expressions-4.1.0.jar;C:\Users\RICO\.m2\repository\io\cucumber\cucumber-expressions\15.0.1\cucumber-expressions-15.0.1.jar;C:\Users\RICO\.m2\repository\io\cucumber\datatable\7.2.3\datatable-7.2.3.jar;C:\Users\RICO\.m2\repository\io\cucumber\cucumber-plugin\7.2.3\cucumber-plugin-7.2.3.jar;C:\Users\RICO\.m2\repository\io\cucumber\docstring\7.2.3\docstring-7.2.3.jar;C:\Users\RICO\.m2\repository\io\cucumber\html-formatter\17.0.0\html-formatter-17.0.0.jar;C:\Users\RICO\.m2\repository\io\cucumber\ci-environment\8.1.0\ci-environment-8.1.0.jar;C:\Users\RICO\.m2\repository\io\cucumber\cucumber-junit\7.2.3\cucumber-junit-7.2.3.jar;C:\Users\RICO\.m2\repository\org\apache\commons\commons-csv\1.5\commons-csv-1.5.jar;C:\Users\RICO\.m2\repository\net\serenity-bdd\serenity-screenplay\3.2.1\serenity-screenplay-3.2.1.jar;C:\Users\RICO\.m2\repository\net\serenity-bdd\serenity-screenplay-webdriver\3.2.1\serenity-screenplay-webdriver-3.2.1.jar;C:\Users\RICO\.m2\repository\net\serenity-bdd\serenity-ensure\3.2.1\serenity-ensure-3.2.1.jar;C:\Users\RICO\.m2\repository\net\serenity-bdd\serenity-junit\3.2.1\serenity-junit-3.2.1.jar;C:\Users\RICO\.m2\repository\org\jetbrains\kotlin\kotlin-stdlib\1.6.0\kotlin-stdlib-1.6.0.jar;C:\Users\RICO\.m2\repository\org\jetbrains\annotations\13.0\annotations-13.0.jar;C:\Users\RICO\.m2\repository\org\jetbrains\kotlin\kotlin-stdlib-common\1.6.0\kotlin-stdlib-common-1.6.0.jar;C:\Users\RICO\.m2\repository\org\junit\platform\junit-platform-launcher\1.8.2\junit-platform-launcher-1.8.2.jar;C:\Users\RICO\.m2\repository\org\junit\platform\junit-platform-engine\1.8.2\junit-platform-engine-1.8.2.jar;C:\Users\RICO\.m2\repository\org\opentest4j\opentest4j\1.2.0\opentest4j-1.2.0.jar;C:\Users\RICO\.m2\repository\org\junit\platform\junit-platform-commons\1.8.2\junit-platform-commons-1.8.2.jar;C:\Users\RICO\.m2\repository\org\apiguardian\apiguardian-api\1.1.2\apiguardian-api-1.1.2.jar;C:\Users\RICO\.m2\repository\org\junit\jupiter\junit-jupiter-engine\5.8.2\junit-jupiter-engine-5.8.2.jar;C:\Users\RICO\.m2\repository\org\junit\jupiter\junit-jupiter-api\5.8.2\junit-jupiter-api-5.8.2.jar;C:\Users\RICO\.m2\repository\org\junit\vintage\junit-vintage-engine\5.8.2\junit-vintage-engine-5.8.2.jar;C:\Users\RICO\.m2\repository\junit\junit\4.13.2\junit-4.13.2.jar;C:\Users\RICO\.m2\repository\org\hamcrest\hamcrest-core\1.3\hamcrest-core-1.3.jar;C:\Users\RICO\.m2\repository\ch\qos\logback\logback-classic\1.2.11\logback-classic-1.2.11.jar;C:\Users\RICO\.m2\repository\ch\qos\logback\logback-core\1.2.11\logback-core-1.2.11.jar;C:\Users\RICO\.m2\repository\org\slf4j\slf4j-api\1.7.32\slf4j-api-1.7.32.jar;C:\Users\RICO\.m2\repository\org\assertj\assertj-core\3.22.0\assertj-core-3.22.0.jar;"/>
    <property name="sun.cpu.endian" value="little"/>
    <property name="user.home" value="C:\Users\RICO"/>
    <property name="user.language" value="en"/>
    <property name="java.specification.vendor" value="Oracle Corporation"/>
    <property name="jdk.module.path" value="C:\Users\RICO\IdeaProjects\mini-project-alta\target\mini-project-alta-1.0-SNAPSHOT.jar"/>
    <property name="java.version.date" value="2019-01-15"/>
    <property name="java.home" value="C:\Program Files\Java\jdk-11.0.2"/>
    <property name="file.separator" value="\"/>
    <property name="basedir" value="C:\Users\RICO\IdeaProjects\mini-project-alta"/>
    <property name="java.vm.compressedOopsMode" value="Zero based"/>
    <property name="line.separator" value="&#10;"/>
    <property name="java.specification.name" value="Java Platform API Specification"/>
    <property name="java.vm.specification.vendor" value="Oracle Corporation"/>
    <property name="java.awt.graphicsenv" value="sun.awt.Win32GraphicsEnvironment"/>
    <property name="surefire.real.class.path" value="C:\Users\RICO\.m2\repository\org\apache\maven\surefire\surefire-booter\3.0.0-M5\surefire-booter-3.0.0-M5.jar;C:\Users\RICO\.m2\repository\org\apache\maven\surefire\surefire-api\3.0.0-M5\surefire-api-3.0.0-M5.jar;C:\Users\RICO\.m2\repository\org\apache\maven\surefire\surefire-logger-api\3.0.0-M5\surefire-logger-api-3.0.0-M5.jar;C:\Users\RICO\.m2\repository\org\apache\maven\surefire\surefire-shared-utils\3.0.0-M4\surefire-shared-utils-3.0.0-M4.jar;C:\Users\RICO\.m2\repository\org\apache\maven\surefire\surefire-extensions-spi\3.0.0-M5\surefire-extensions-spi-3.0.0-M5.jar;C:\Users\RICO\IdeaProjects\mini-project-alta\target\test-classes;C:\Users\RICO\.m2\repository\net\serenity-bdd\serenity-core\3.2.1\serenity-core-3.2.1.jar;C:\Users\RICO\.m2\repository\net\serenity-bdd\serenity-model\3.2.1\serenity-model-3.2.1.jar;C:\Users\RICO\.m2\repository\org\apache\commons\commons-text\1.9\commons-text-1.9.jar;C:\Users\RICO\.m2\repository\commons-net\commons-net\3.8.0\commons-net-3.8.0.jar;C:\Users\RICO\.m2\repository\com\google\guava\guava\31.1-jre\guava-31.1-jre.jar;C:\Users\RICO\.m2\repository\com\google\guava\failureaccess\1.0.1\failureaccess-1.0.1.jar;C:\Users\RICO\.m2\repository\com\google\guava\listenablefuture\9999.0-empty-to-avoid-conflict-with-guava\listenablefuture-9999.0-empty-to-avoid-conflict-with-guava.jar;C:\Users\RICO\.m2\repository\com\google\code\findbugs\jsr305\3.0.2\jsr305-3.0.2.jar;C:\Users\RICO\.m2\repository\org\checkerframework\checker-qual\3.12.0\checker-qual-3.12.0.jar;C:\Users\RICO\.m2\repository\com\google\errorprone\error_prone_annotations\2.11.0\error_prone_annotations-2.11.0.jar;C:\Users\RICO\.m2\repository\com\google\j2objc\j2objc-annotations\1.3\j2objc-annotations-1.3.jar;C:\Users\RICO\.m2\repository\com\google\inject\guice\5.1.0\guice-5.1.0.jar;C:\Users\RICO\.m2\repository\javax\inject\javax.inject\1\javax.inject-1.jar;C:\Users\RICO\.m2\repository\aopalliance\aopalliance\1.0\aopalliance-1.0.jar;C:\Users\RICO\.m2\repository\org\jsoup\jsoup\1.14.3\jsoup-1.14.3.jar;C:\Users\RICO\.m2\repository\com\thoughtworks\xstream\xstream\1.4.19\xstream-1.4.19.jar;C:\Users\RICO\.m2\repository\io\github\x-stream\mxparser\1.2.2\mxparser-1.2.2.jar;C:\Users\RICO\.m2\repository\xmlpull\xmlpull\1.1.3.1\xmlpull-1.1.3.1.jar;C:\Users\RICO\.m2\repository\io\cucumber\cucumber-java\7.2.3\cucumber-java-7.2.3.jar;C:\Users\RICO\.m2\repository\com\typesafe\config\1.4.2\config-1.4.2.jar;C:\Users\RICO\.m2\repository\org\imgscalr\imgscalr-lib\4.2\imgscalr-lib-4.2.jar;C:\Users\RICO\.m2\repository\org\awaitility\awaitility\4.2.0\awaitility-4.2.0.jar;C:\Users\RICO\.m2\repository\org\freemarker\freemarker\2.3.31\freemarker-2.3.31.jar;C:\Users\RICO\.m2\repository\io\github\classgraph\classgraph\4.8.138\classgraph-4.8.138.jar;C:\Users\RICO\.m2\repository\net\sourceforge\jexcelapi\jxl\2.6.12\jxl-2.6.12.jar;C:\Users\RICO\.m2\repository\net\bytebuddy\byte-buddy\1.12.8\byte-buddy-1.12.8.jar;C:\Users\RICO\.m2\repository\net\bytebuddy\byte-buddy-agent\1.12.8\byte-buddy-agent-1.12.8.jar;C:\Users\RICO\.m2\repository\org\objenesis\objenesis\3.1\objenesis-3.1.jar;C:\Users\RICO\.m2\repository\net\serenity-bdd\serenity-reports\3.2.1\serenity-reports-3.2.1.jar;C:\Users\RICO\.m2\repository\net\serenity-bdd\serenity-stats\3.2.1\serenity-stats-3.2.1.jar;C:\Users\RICO\.m2\repository\net\serenity-bdd\serenity-reports-configuration\3.2.1\serenity-reports-configuration-3.2.1.jar;C:\Users\RICO\.m2\repository\com\vladsch\flexmark\flexmark-all\0.34.30\flexmark-all-0.34.30.jar;C:\Users\RICO\.m2\repository\com\vladsch\flexmark\flexmark\0.34.30\flexmark-0.34.30.jar;C:\Users\RICO\.m2\repository\com\vladsch\flexmark\flexmark-ext-abbreviation\0.34.30\flexmark-ext-abbreviation-0.34.30.jar;C:\Users\RICO\.m2\repository\com\vladsch\flexmark\flexmark-ext-admonition\0.34.30\flexmark-ext-admonition-0.34.30.jar;C:\Users\RICO\.m2\repository\com\vladsch\flexmark\flexmark-ext-anchorlink\0.34.30\flexmark-ext-anchorlink-0.34.30.jar;C:\Users\RICO\.m2\repository\com\vladsch\flexmark\flexmark-ext-aside\0.34.30\flexmark-ext-aside-0.34.30.jar;C:\Users\RICO\.m2\repository\com\vladsch\flexmark\flexmark-ext-attributes\0.34.30\flexmark-ext-attributes-0.34.30.jar;C:\Users\RICO\.m2\repository\com\vladsch\flexmark\flexmark-ext-autolink\0.34.30\flexmark-ext-autolink-0.34.30.jar;C:\Users\RICO\.m2\repository\org\nibor\autolink\autolink\0.6.0\autolink-0.6.0.jar;C:\Users\RICO\.m2\repository\com\vladsch\flexmark\flexmark-ext-definition\0.34.30\flexmark-ext-definition-0.34.30.jar;C:\Users\RICO\.m2\repository\com\vladsch\flexmark\flexmark-ext-emoji\0.34.30\flexmark-ext-emoji-0.34.30.jar;C:\Users\RICO\.m2\repository\com\vladsch\flexmark\flexmark-ext-enumerated-reference\0.34.30\flexmark-ext-enumerated-reference-0.34.30.jar;C:\Users\RICO\.m2\repository\com\vladsch\flexmark\flexmark-ext-escaped-character\0.34.30\flexmark-ext-escaped-character-0.34.30.jar;C:\Users\RICO\.m2\repository\com\vladsch\flexmark\flexmark-ext-footnotes\0.34.30\flexmark-ext-footnotes-0.34.30.jar;C:\Users\RICO\.m2\repository\com\vladsch\flexmark\flexmark-ext-gfm-issues\0.34.30\flexmark-ext-gfm-issues-0.34.30.jar;C:\Users\RICO\.m2\repository\com\vladsch\flexmark\flexmark-ext-gfm-strikethrough\0.34.30\flexmark-ext-gfm-strikethrough-0.34.30.jar;C:\Users\RICO\.m2\repository\com\vladsch\flexmark\flexmark-ext-gfm-tables\0.34.30\flexmark-ext-gfm-tables-0.34.30.jar;C:\Users\RICO\.m2\repository\com\vladsch\flexmark\flexmark-ext-gfm-tasklist\0.34.30\flexmark-ext-gfm-tasklist-0.34.30.jar;C:\Users\RICO\.m2\repository\com\vladsch\flexmark\flexmark-ext-gfm-users\0.34.30\flexmark-ext-gfm-users-0.34.30.jar;C:\Users\RICO\.m2\repository\com\vladsch\flexmark\flexmark-ext-gitlab\0.34.30\flexmark-ext-gitlab-0.34.30.jar;C:\Users\RICO\.m2\repository\com\vladsch\flexmark\flexmark-ext-jekyll-front-matter\0.34.30\flexmark-ext-jekyll-front-matter-0.34.30.jar;C:\Users\RICO\.m2\repository\com\vladsch\flexmark\flexmark-ext-jekyll-tag\0.34.30\flexmark-ext-jekyll-tag-0.34.30.jar;C:\Users\RICO\.m2\repository\com\vladsch\flexmark\flexmark-ext-media-tags\0.34.30\flexmark-ext-media-tags-0.34.30.jar;C:\Users\RICO\.m2\repository\com\vladsch\flexmark\flexmark-test-util\0.34.30\flexmark-test-util-0.34.30.jar;C:\Users\RICO\.m2\repository\com\vladsch\flexmark\flexmark-ext-ins\0.34.30\flexmark-ext-ins-0.34.30.jar;C:\Users\RICO\.m2\repository\com\vladsch\flexmark\flexmark-ext-xwiki-macros\0.34.30\flexmark-ext-xwiki-macros-0.34.30.jar;C:\Users\RICO\.m2\repository\com\vladsch\flexmark\flexmark-ext-superscript\0.34.30\flexmark-ext-superscript-0.34.30.jar;C:\Users\RICO\.m2\repository\com\vladsch\flexmark\flexmark-ext-tables\0.34.30\flexmark-ext-tables-0.34.30.jar;C:\Users\RICO\.m2\repository\com\vladsch\flexmark\flexmark-ext-toc\0.34.30\flexmark-ext-toc-0.34.30.jar;C:\Users\RICO\.m2\repository\com\vladsch\flexmark\flexmark-ext-typographic\0.34.30\flexmark-ext-typographic-0.34.30.jar;C:\Users\RICO\.m2\repository\com\vladsch\flexmark\flexmark-ext-wikilink\0.34.30\flexmark-ext-wikilink-0.34.30.jar;C:\Users\RICO\.m2\repository\com\vladsch\flexmark\flexmark-ext-yaml-front-matter\0.34.30\flexmark-ext-yaml-front-matter-0.34.30.jar;C:\Users\RICO\.m2\repository\com\vladsch\flexmark\flexmark-ext-youtube-embedded\0.34.30\flexmark-ext-youtube-embedded-0.34.30.jar;C:\Users\RICO\.m2\repository\com\vladsch\flexmark\flexmark-formatter\0.34.30\flexmark-formatter-0.34.30.jar;C:\Users\RICO\.m2\repository\com\vladsch\flexmark\flexmark-html-parser\0.34.30\flexmark-html-parser-0.34.30.jar;C:\Users\RICO\.m2\repository\com\vladsch\flexmark\flexmark-jira-converter\0.34.30\flexmark-jira-converter-0.34.30.jar;C:\Users\RICO\.m2\repository\com\vladsch\flexmark\flexmark-pdf-converter\0.34.30\flexmark-pdf-converter-0.34.30.jar;C:\Users\RICO\.m2\repository\com\openhtmltopdf\openhtmltopdf-core\0.0.1-RC13\openhtmltopdf-core-0.0.1-RC13.jar;C:\Users\RICO\.m2\repository\com\openhtmltopdf\openhtmltopdf-pdfbox\0.0.1-RC13\openhtmltopdf-pdfbox-0.0.1-RC13.jar;C:\Users\RICO\.m2\repository\org\apache\pdfbox\pdfbox\2.0.8\pdfbox-2.0.8.jar;C:\Users\RICO\.m2\repository\org\apache\pdfbox\fontbox\2.0.8\fontbox-2.0.8.jar;C:\Users\RICO\.m2\repository\commons-logging\commons-logging\1.2\commons-logging-1.2.jar;C:\Users\RICO\.m2\repository\org\apache\pdfbox\xmpbox\2.0.8\xmpbox-2.0.8.jar;C:\Users\RICO\.m2\repository\de\rototor\pdfbox\graphics2d\0.12\graphics2d-0.12.jar;C:\Users\RICO\.m2\repository\com\openhtmltopdf\openhtmltopdf-rtl-support\0.0.1-RC13\openhtmltopdf-rtl-support-0.0.1-RC13.jar;C:\Users\RICO\.m2\repository\com\ibm\icu\icu4j\59.1\icu4j-59.1.jar;C:\Users\RICO\.m2\repository\com\openhtmltopdf\openhtmltopdf-jsoup-dom-converter\0.0.1-RC13\openhtmltopdf-jsoup-dom-converter-0.0.1-RC13.jar;C:\Users\RICO\.m2\repository\com\vladsch\flexmark\flexmark-profile-pegdown\0.34.30\flexmark-profile-pegdown-0.34.30.jar;C:\Users\RICO\.m2\repository\com\vladsch\flexmark\flexmark-util\0.34.30\flexmark-util-0.34.30.jar;C:\Users\RICO\.m2\repository\com\vladsch\flexmark\flexmark-youtrack-converter\0.34.30\flexmark-youtrack-converter-0.34.30.jar;C:\Users\RICO\.m2\repository\es\nitaur\markdown\txtmark\0.16\txtmark-0.16.jar;C:\Users\RICO\.m2\repository\net\serenity-bdd\serenity-report-resources\3.2.1\serenity-report-resources-3.2.1.jar;C:\Users\RICO\.m2\repository\com\google\code\gson\gson\2.9.0\gson-2.9.0.jar;C:\Users\RICO\.m2\repository\com\fasterxml\jackson\core\jackson-core\2.13.2\jackson-core-2.13.2.jar;C:\Users\RICO\.m2\repository\com\fasterxml\jackson\core\jackson-databind\2.13.2\jackson-databind-2.13.2.jar;C:\Users\RICO\.m2\repository\com\fasterxml\jackson\core\jackson-annotations\2.13.2\jackson-annotations-2.13.2.jar;C:\Users\RICO\.m2\repository\commons-codec\commons-codec\1.15\commons-codec-1.15.jar;C:\Users\RICO\.m2\repository\commons-io\commons-io\2.11.0\commons-io-2.11.0.jar;C:\Users\RICO\.m2\repository\org\seleniumhq\selenium\selenium-java\4.1.2\selenium-java-4.1.2.jar;C:\Users\RICO\.m2\repository\org\seleniumhq\selenium\selenium-devtools-v85\4.1.2\selenium-devtools-v85-4.1.2.jar;C:\Users\RICO\.m2\repository\org\seleniumhq\selenium\selenium-devtools-v95\4.1.2\selenium-devtools-v95-4.1.2.jar;C:\Users\RICO\.m2\repository\org\seleniumhq\selenium\selenium-devtools-v96\4.1.2\selenium-devtools-v96-4.1.2.jar;C:\Users\RICO\.m2\repository\org\seleniumhq\selenium\selenium-devtools-v97\4.1.2\selenium-devtools-v97-4.1.2.jar;C:\Users\RICO\.m2\repository\org\seleniumhq\selenium\selenium-firefox-xpi-driver\4.1.2\selenium-firefox-xpi-driver-4.1.2.jar;C:\Users\RICO\.m2\repository\org\seleniumhq\selenium\selenium-opera-driver\4.1.2\selenium-opera-driver-4.1.2.jar;C:\Users\RICO\.m2\repository\org\seleniumhq\selenium\selenium-remote-driver\4.1.2\selenium-remote-driver-4.1.2.jar;C:\Users\RICO\.m2\repository\com\beust\jcommander\1.82\jcommander-1.82.jar;C:\Users\RICO\.m2\repository\io\netty\netty-buffer\4.1.73.Final\netty-buffer-4.1.73.Final.jar;C:\Users\RICO\.m2\repository\io\netty\netty-codec-http\4.1.73.Final\netty-codec-http-4.1.73.Final.jar;C:\Users\RICO\.m2\repository\io\netty\netty-codec\4.1.73.Final\netty-codec-4.1.73.Final.jar;C:\Users\RICO\.m2\repository\io\netty\netty-handler\4.1.73.Final\netty-handler-4.1.73.Final.jar;C:\Users\RICO\.m2\repository\io\netty\netty-tcnative-classes\2.0.46.Final\netty-tcnative-classes-2.0.46.Final.jar;C:\Users\RICO\.m2\repository\io\netty\netty-common\4.1.73.Final\netty-common-4.1.73.Final.jar;C:\Users\RICO\.m2\repository\io\netty\netty-transport-classes-epoll\4.1.73.Final\netty-transport-classes-epoll-4.1.73.Final.jar;C:\Users\RICO\.m2\repository\io\netty\netty-transport-classes-kqueue\4.1.73.Final\netty-transport-classes-kqueue-4.1.73.Final.jar;C:\Users\RICO\.m2\repository\io\netty\netty-transport-native-epoll\4.1.73.Final\netty-transport-native-epoll-4.1.73.Final.jar;C:\Users\RICO\.m2\repository\io\netty\netty-transport-native-kqueue\4.1.73.Final\netty-transport-native-kqueue-4.1.73.Final.jar;C:\Users\RICO\.m2\repository\io\netty\netty-transport-native-unix-common\4.1.73.Final\netty-transport-native-unix-common-4.1.73.Final.jar;C:\Users\RICO\.m2\repository\io\netty\netty-transport\4.1.73.Final\netty-transport-4.1.73.Final.jar;C:\Users\RICO\.m2\repository\io\netty\netty-resolver\4.1.73.Final\netty-resolver-4.1.73.Final.jar;C:\Users\RICO\.m2\repository\io\opentelemetry\opentelemetry-api\1.10.1\opentelemetry-api-1.10.1.jar;C:\Users\RICO\.m2\repository\io\opentelemetry\opentelemetry-context\1.10.1\opentelemetry-context-1.10.1.jar;C:\Users\RICO\.m2\repository\io\opentelemetry\opentelemetry-exporter-logging\1.10.1\opentelemetry-exporter-logging-1.10.1.jar;C:\Users\RICO\.m2\repository\io\opentelemetry\opentelemetry-sdk-metrics\1.10.1-alpha\opentelemetry-sdk-metrics-1.10.1-alpha.jar;C:\Users\RICO\.m2\repository\io\opentelemetry\opentelemetry-sdk-logs\1.10.1-alpha\opentelemetry-sdk-logs-1.10.1-alpha.jar;C:\Users\RICO\.m2\repository\io\opentelemetry\opentelemetry-sdk-common\1.10.1\opentelemetry-sdk-common-1.10.1.jar;C:\Users\RICO\.m2\repository\io\opentelemetry\opentelemetry-sdk-extension-autoconfigure-spi\1.10.1\opentelemetry-sdk-extension-autoconfigure-spi-1.10.1.jar;C:\Users\RICO\.m2\repository\io\opentelemetry\opentelemetry-sdk-extension-autoconfigure\1.10.1-alpha\opentelemetry-sdk-extension-autoconfigure-1.10.1-alpha.jar;C:\Users\RICO\.m2\repository\io\opentelemetry\opentelemetry-sdk-trace\1.10.1\opentelemetry-sdk-trace-1.10.1.jar;C:\Users\RICO\.m2\repository\io\opentelemetry\opentelemetry-sdk\1.10.1\opentelemetry-sdk-1.10.1.jar;C:\Users\RICO\.m2\repository\io\opentelemetry\opentelemetry-semconv\1.10.1-alpha\opentelemetry-semconv-1.10.1-alpha.jar;C:\Users\RICO\.m2\repository\io\ous\jtoml\2.0.0\jtoml-2.0.0.jar;C:\Users\RICO\.m2\repository\org\apache\commons\commons-exec\1.3\commons-exec-1.3.jar;C:\Users\RICO\.m2\repository\org\asynchttpclient\async-http-client\2.12.3\async-http-client-2.12.3.jar;C:\Users\RICO\.m2\repository\org\asynchttpclient\async-http-client-netty-utils\2.12.3\async-http-client-netty-utils-2.12.3.jar;C:\Users\RICO\.m2\repository\io\netty\netty-codec-socks\4.1.60.Final\netty-codec-socks-4.1.60.Final.jar;C:\Users\RICO\.m2\repository\io\netty\netty-handler-proxy\4.1.60.Final\netty-handler-proxy-4.1.60.Final.jar;C:\Users\RICO\.m2\repository\io\netty\netty-transport-native-epoll\4.1.60.Final\netty-transport-native-epoll-4.1.60.Final-linux-x86_64.jar;C:\Users\RICO\.m2\repository\io\netty\netty-transport-native-kqueue\4.1.60.Final\netty-transport-native-kqueue-4.1.60.Final-osx-x86_64.jar;C:\Users\RICO\.m2\repository\org\reactivestreams\reactive-streams\1.0.3\reactive-streams-1.0.3.jar;C:\Users\RICO\.m2\repository\com\typesafe\netty\netty-reactive-streams\2.0.4\netty-reactive-streams-2.0.4.jar;C:\Users\RICO\.m2\repository\org\seleniumhq\selenium\selenium-http\4.1.2\selenium-http-4.1.2.jar;C:\Users\RICO\.m2\repository\net\jodah\failsafe\2.4.4\failsafe-2.4.4.jar;C:\Users\RICO\.m2\repository\org\seleniumhq\selenium\selenium-safari-driver\4.1.2\selenium-safari-driver-4.1.2.jar;C:\Users\RICO\.m2\repository\org\seleniumhq\selenium\selenium-api\4.1.2\selenium-api-4.1.2.jar;C:\Users\RICO\.m2\repository\org\seleniumhq\selenium\selenium-support\4.1.2\selenium-support-4.1.2.jar;C:\Users\RICO\.m2\repository\com\google\auto\service\auto-service-annotations\1.0.1\auto-service-annotations-1.0.1.jar;C:\Users\RICO\.m2\repository\com\google\auto\service\auto-service\1.0.1\auto-service-1.0.1.jar;C:\Users\RICO\.m2\repository\com\google\auto\auto-common\1.2\auto-common-1.2.jar;C:\Users\RICO\.m2\repository\org\seleniumhq\selenium\selenium-json\4.1.2\selenium-json-4.1.2.jar;C:\Users\RICO\.m2\repository\org\seleniumhq\selenium\selenium-chrome-driver\4.1.2\selenium-chrome-driver-4.1.2.jar;C:\Users\RICO\.m2\repository\org\seleniumhq\selenium\selenium-chromium-driver\4.1.2\selenium-chromium-driver-4.1.2.jar;C:\Users\RICO\.m2\repository\org\seleniumhq\selenium\selenium-firefox-driver\4.1.2\selenium-firefox-driver-4.1.2.jar;C:\Users\RICO\.m2\repository\org\seleniumhq\selenium\selenium-edge-driver\4.1.2\selenium-edge-driver-4.1.2.jar;C:\Users\RICO\.m2\repository\org\seleniumhq\selenium\selenium-ie-driver\4.1.2\selenium-ie-driver-4.1.2.jar;C:\Users\RICO\.m2\repository\org\projectlombok\lombok\1.18.20\lombok-1.18.20.jar;C:\Users\RICO\.m2\repository\io\appium\java-client\8.0.0\java-client-8.0.0.jar;C:\Users\RICO\.m2\repository\commons-validator\commons-validator\1.7\commons-validator-1.7.jar;C:\Users\RICO\.m2\repository\commons-digester\commons-digester\2.1\commons-digester-2.1.jar;C:\Users\RICO\.m2\repository\org\aspectj\aspectjweaver\1.9.8\aspectjweaver-1.9.8.jar;C:\Users\RICO\.m2\repository\org\codehaus\groovy\groovy\3.0.10\groovy-3.0.10.jar;C:\Users\RICO\.m2\repository\net\sf\opencsv\opencsv\2.0\opencsv-2.0.jar;C:\Users\RICO\.m2\repository\commons-beanutils\commons-beanutils\1.9.4\commons-beanutils-1.9.4.jar;C:\Users\RICO\.m2\repository\org\apache\commons\commons-lang3\3.12.0\commons-lang3-3.12.0.jar;C:\Users\RICO\.m2\repository\commons-collections\commons-collections\3.2.2\commons-collections-3.2.2.jar;C:\Users\RICO\.m2\repository\org\fluentlenium\fluentlenium-core\0.10.2\fluentlenium-core-0.10.2.jar;C:\Users\RICO\.m2\repository\io\github\bonigarcia\webdrivermanager\5.1.0\webdrivermanager-5.1.0.jar;C:\Users\RICO\.m2\repository\com\github\docker-java\docker-java\3.2.13\docker-java-3.2.13.jar;C:\Users\RICO\.m2\repository\com\github\docker-java\docker-java-core\3.2.13\docker-java-core-3.2.13.jar;C:\Users\RICO\.m2\repository\com\github\docker-java\docker-java-api\3.2.13\docker-java-api-3.2.13.jar;C:\Users\RICO\.m2\repository\org\apache\commons\commons-compress\1.21\commons-compress-1.21.jar;C:\Users\RICO\.m2\repository\org\bouncycastle\bcpkix-jdk15on\1.64\bcpkix-jdk15on-1.64.jar;C:\Users\RICO\.m2\repository\org\bouncycastle\bcprov-jdk15on\1.64\bcprov-jdk15on-1.64.jar;C:\Users\RICO\.m2\repository\org\slf4j\jcl-over-slf4j\1.7.30\jcl-over-slf4j-1.7.30.jar;C:\Users\RICO\.m2\repository\com\github\docker-java\docker-java-transport-httpclient5\3.2.13\docker-java-transport-httpclient5-3.2.13.jar;C:\Users\RICO\.m2\repository\com\github\docker-java\docker-java-transport\3.2.13\docker-java-transport-3.2.13.jar;C:\Users\RICO\.m2\repository\org\apache\httpcomponents\client5\httpclient5\5.0.3\httpclient5-5.0.3.jar;C:\Users\RICO\.m2\repository\org\apache\httpcomponents\core5\httpcore5\5.0.2\httpcore5-5.0.2.jar;C:\Users\RICO\.m2\repository\net\java\dev\jna\jna\5.8.0\jna-5.8.0.jar;C:\Users\RICO\.m2\repository\org\brotli\dec\0.1.2\dec-0.1.2.jar;C:\Users\RICO\.m2\repository\com\jhlabs\filters\2.0.235\filters-2.0.235.jar;C:\Users\RICO\.m2\repository\com\paulhammant\ngwebdriver\1.1.6\ngwebdriver-1.1.6.jar;C:\Users\RICO\.m2\repository\joda-time\joda-time\2.8.2\joda-time-2.8.2.jar;C:\Users\RICO\.m2\repository\org\hamcrest\hamcrest\2.2\hamcrest-2.2.jar;C:\Users\RICO\.m2\repository\com\google\jimfs\jimfs\1.2\jimfs-1.2.jar;C:\Users\RICO\.m2\repository\org\mockito\mockito-core\3.3.3\mockito-core-3.3.3.jar;C:\Users\RICO\.m2\repository\javax\xml\bind\jaxb-api\2.3.1\jaxb-api-2.3.1.jar;C:\Users\RICO\.m2\repository\javax\activation\javax.activation-api\1.2.0\javax.activation-api-1.2.0.jar;C:\Users\RICO\.m2\repository\com\sun\xml\bind\jaxb-core\2.3.0.1\jaxb-core-2.3.0.1.jar;C:\Users\RICO\.m2\repository\com\sun\xml\bind\jaxb-impl\2.3.3\jaxb-impl-2.3.3.jar;C:\Users\RICO\.m2\repository\jakarta\xml\bind\jakarta.xml.bind-api\2.3.3\jakarta.xml.bind-api-2.3.3.jar;C:\Users\RICO\.m2\repository\com\sun\activation\jakarta.activation\1.2.2\jakarta.activation-1.2.2.jar;C:\Users\RICO\.m2\repository\javax\activation\activation\1.1.1\activation-1.1.1.jar;C:\Users\RICO\.m2\repository\net\serenity-bdd\serenity-cucumber\3.2.1\serenity-cucumber-3.2.1.jar;C:\Users\RICO\.m2\repository\io\cucumber\cucumber-core\7.2.3\cucumber-core-7.2.3.jar;C:\Users\RICO\.m2\repository\io\cucumber\cucumber-gherkin\7.2.3\cucumber-gherkin-7.2.3.jar;C:\Users\RICO\.m2\repository\io\cucumber\cucumber-gherkin-messages\7.2.3\cucumber-gherkin-messages-7.2.3.jar;C:\Users\RICO\.m2\repository\io\cucumber\messages\17.1.1\messages-17.1.1.jar;C:\Users\RICO\.m2\repository\io\cucumber\tag-expressions\4.1.0\tag-expressions-4.1.0.jar;C:\Users\RICO\.m2\repository\io\cucumber\cucumber-expressions\15.0.1\cucumber-expressions-15.0.1.jar;C:\Users\RICO\.m2\repository\io\cucumber\datatable\7.2.3\datatable-7.2.3.jar;C:\Users\RICO\.m2\repository\io\cucumber\cucumber-plugin\7.2.3\cucumber-plugin-7.2.3.jar;C:\Users\RICO\.m2\repository\io\cucumber\docstring\7.2.3\docstring-7.2.3.jar;C:\Users\RICO\.m2\repository\io\cucumber\html-formatter\17.0.0\html-formatter-17.0.0.jar;C:\Users\RICO\.m2\repository\io\cucumber\ci-environment\8.1.0\ci-environment-8.1.0.jar;C:\Users\RICO\.m2\repository\io\cucumber\cucumber-junit\7.2.3\cucumber-junit-7.2.3.jar;C:\Users\RICO\.m2\repository\org\apache\commons\commons-csv\1.5\commons-csv-1.5.jar;C:\Users\RICO\.m2\repository\net\serenity-bdd\serenity-screenplay\3.2.1\serenity-screenplay-3.2.1.jar;C:\Users\RICO\.m2\repository\net\serenity-bdd\serenity-screenplay-webdriver\3.2.1\serenity-screenplay-webdriver-3.2.1.jar;C:\Users\RICO\.m2\repository\net\serenity-bdd\serenity-ensure\3.2.1\serenity-ensure-3.2.1.jar;C:\Users\RICO\.m2\repository\net\serenity-bdd\serenity-junit\3.2.1\serenity-junit-3.2.1.jar;C:\Users\RICO\.m2\repository\org\jetbrains\kotlin\kotlin-stdlib\1.6.0\kotlin-stdlib-1.6.0.jar;C:\Users\RICO\.m2\repository\org\jetbrains\annotations\13.0\annotations-13.0.jar;C:\Users\RICO\.m2\repository\org\jetbrains\kotlin\kotlin-stdlib-common\1.6.0\kotlin-stdlib-common-1.6.0.jar;C:\Users\RICO\.m2\repository\org\junit\platform\junit-platform-launcher\1.8.2\junit-platform-launcher-1.8.2.jar;C:\Users\RICO\.m2\repository\org\junit\platform\junit-platform-engine\1.8.2\junit-platform-engine-1.8.2.jar;C:\Users\RICO\.m2\repository\org\opentest4j\opentest4j\1.2.0\opentest4j-1.2.0.jar;C:\Users\RICO\.m2\repository\org\junit\platform\junit-platform-commons\1.8.2\junit-platform-commons-1.8.2.jar;C:\Users\RICO\.m2\repository\org\apiguardian\apiguardian-api\1.1.2\apiguardian-api-1.1.2.jar;C:\Users\RICO\.m2\repository\org\junit\jupiter\junit-jupiter-engine\5.8.2\junit-jupiter-engine-5.8.2.jar;C:\Users\RICO\.m2\repository\org\junit\jupiter\junit-jupiter-api\5.8.2\junit-jupiter-api-5.8.2.jar;C:\Users\RICO\.m2\repository\org\junit\vintage\junit-vintage-engine\5.8.2\junit-vintage-engine-5.8.2.jar;C:\Users\RICO\.m2\repository\junit\junit\4.13.2\junit-4.13.2.jar;C:\Users\RICO\.m2\repository\org\hamcrest\hamcrest-core\1.3\hamcrest-core-1.3.jar;C:\Users\RICO\.m2\repository\ch\qos\logback\logback-classic\1.2.11\logback-classic-1.2.11.jar;C:\Users\RICO\.m2\repository\ch\qos\logback\logback-core\1.2.11\logback-core-1.2.11.jar;C:\Users\RICO\.m2\repository\org\slf4j\slf4j-api\1.7.32\slf4j-api-1.7.32.jar;C:\Users\RICO\.m2\repository\org\assertj\assertj-core\3.22.0\assertj-core-3.22.0.jar;C:\Users\RICO\.m2\repository\org\apache\maven\surefire\surefire-junit-platform\3.0.0-M5\surefire-junit-platform-3.0.0-M5.jar;C:\Users\RICO\.m2\repository\org\apache\maven\surefire\common-java5\3.0.0-M5\common-java5-3.0.0-M5.jar"/>
    <property name="user.script" value=""/>
    <property name="sun.management.compiler" value="HotSpot 64-Bit Tiered Compilers"/>
    <property name="java.runtime.version" value="11.0.2+9"/>
    <property name="user.name" value="Riko Sahetapi"/>
    <property name="path.separator" value=";"/>
    <property name="os.version" value="10.0"/>
    <property name="java.runtime.name" value="OpenJDK Runtime Environment"/>
    <property name="file.encoding" value="Cp1252"/>
    <property name="java.vm.name" value="OpenJDK 64-Bit Server VM"/>
    <property name="java.vendor.version" value="18.9"/>
    <property name="localRepository" value="C:\Users\RICO\.m2\repository"/>
    <property name="java.vendor.url.bug" value="http://bugreport.java.com/bugreport/"/>
    <property name="java.io.tmpdir" value="C:\Users\RICO\AppData\Local\Temp\"/>
    <property name="java.version" value="11.0.2"/>
    <property name="user.dir" value="C:\Users\RICO\IdeaProjects\mini-project-alta"/>
    <property name="os.arch" value="amd64"/>
    <property name="java.vm.specification.name" value="Java Virtual Machine Specification"/>
    <property name="java.awt.printerjob" value="sun.awt.windows.WPrinterJob"/>
    <property name="sun.os.patch.level" value=""/>
    <property name="java.library.path" value="C:\Program Files\Java\jdk-11.0.2\bin;C:\WINDOWS\Sun\Java\bin;C:\WINDOWS\system32;C:\WINDOWS;C:\Program Files\Common Files\Oracle\Java\javapath;E:\oracle\product\10.2.0\db_1\bin;C:\Program Files\AdoptOpenJDK\jdk-11.0.11.9-hotspot\bin;C:\oracle\product\10.2.0\db_1\bin;C:\Program Files (x86)\Intel\iCLS Client\;C:\Program Files\Intel\iCLS Client\;C:\Windows\system32;C:\Windows;C:\Windows\System32\Wbem;C:\Windows\System32\WindowsPowerShell\v1.0\;C:\Program Files (x86)\Intel\Intel(R) Management Engine Components\DAL;C:\Program Files\Intel\Intel(R) Management Engine Components\DAL;C:\Program Files (x86)\Intel\Intel(R) Management Engine Components\IPT;C:\Program Files\Intel\Intel(R) Management Engine Components\IPT;C:\Program Files (x86)\NVIDIA Corporation\PhysX\Common;C:\WINDOWS\system32;C:\WINDOWS;C:\WINDOWS\System32\Wbem;C:\WINDOWS\System32\WindowsPowerShell\v1.0\;C:\WINDOWS\System32\OpenSSH\;C:\Go\bin;C:\ProgramData\chocolatey\bin;C:\Program Files\Java\jdk-15.0.1\bin;C:\xampp\php;C:\ProgramData\ComposerSetup\bin;C:\Program Files\nodejs\;C:\Program Files\Git\cmd;%M2_HOME%\bin;C:\Program Files\apache-maven-3.8.5\bin;C:\Users\RICO\AppData\Local\Microsoft\WindowsApps;C:\Users\RICO\AppData\Local\Programs\Microsoft VS Code\bin;C:\Users\RICO\go\bin;C:\Users\RICO\AppData\Roaming\Composer\vendor\bin;C:\Users\RICO\AppData\Roaming\npm;C:\Program Files\apache-maven-3.8.5\bin;%M2_HOME%\bin;C:\Program Files\Java\jdk-11.0.2\bin;C:\Users\RICO\AppData\Local\Android\Sdk\platform-tools;C:\Users\RICO\AppData\Local\Android\Sdk\emulator;;."/>
    <property name="java.vendor" value="Oracle Corporation"/>
    <property name="java.vm.info" value="mixed mode"/>
    <property name="java.vm.version" value="11.0.2+9"/>
    <property name="sun.io.unicode.encoding" value="UnicodeLittle"/>
    <property name="java.class.version" value="55.0"/>
  </properties>
  <testcase name="User want to search product by Category (Category1)" classname="Category" time="1.432">
    <system-out><![CDATA[15:11:52.658 [main] INFO io.cucumber.core.plugin.SerenityReporter - Running feature from file:///C:/Users/RICO/IdeaProjects/mini-project-alta/src/test/resources/features/category.feature
15:11:52.869 [main] INFO  - 

-------------------------------------------------------------------------------------
     _______. _______ .______       _______ .__   __.  __  .___________.____    ____ 
    /       ||   ____||   _  \     |   ____||  \ |  | |  | |           |\   \  /   / 
   |   (----`|  |__   |  |_)  |    |  |__   |   \|  | |  | `---|  |----` \   \/   /  
    \   \    |   __|  |      /     |   __|  |  . `  | |  |     |  |       \_    _/   
.----)   |   |  |____ |  |\  \----.|  |____ |  |\   | |  |     |  |         |  |     
|_______/    |_______|| _| `._____||_______||__| \__| |__|     |__|         |__|    
                                                                                     
 News and tutorials at http://www.serenity-bdd.info                                  
 Documentation at https://wakaleo.gitbooks.io/the-serenity-book/content/             
 Join the Serenity Community on Gitter: https://gitter.im/serenity-bdd/serenity-core 
 Serenity BDD Support and Training at http://serenity-bdd.info/#/trainingandsupport  
-------------------------------------------------------------------------------------

15:11:52.872 [main] DEBUG net.thucydides.core.steps.StepEventBus - Test suite started for story net.thucydides.core.model.Story@bda4cc8
15:11:52.878 [main] INFO  - Test Suite Started: Category
15:11:52.896 [main] INFO io.cucumber.core.plugin.SerenityReporter - Running feature from file:///C:/Users/RICO/IdeaProjects/mini-project-alta/src/test/resources/features/login.feature
15:11:52.906 [main] DEBUG net.thucydides.core.steps.StepEventBus - Test suite started for story net.thucydides.core.model.Story@f388ff28
15:11:52.906 [main] INFO  - Test Suite Started: Login
15:11:52.906 [main] INFO io.cucumber.core.plugin.SerenityReporter - Running feature from file:///C:/Users/RICO/IdeaProjects/mini-project-alta/src/test/resources/features/order.feature
15:11:52.906 [main] DEBUG net.thucydides.core.steps.StepEventBus - Test suite started for story net.thucydides.core.model.Story@9cac46c8
15:11:52.906 [main] INFO  - Test Suite Started: Order
15:11:52.906 [main] INFO io.cucumber.core.plugin.SerenityReporter - Running feature from file:///C:/Users/RICO/IdeaProjects/mini-project-alta/src/test/resources/features/product.feature
15:11:52.906 [main] DEBUG net.thucydides.core.steps.StepEventBus - Test suite started for story net.thucydides.core.model.Story@3929c9e8
15:11:52.922 [main] INFO  - Test Suite Started: Product
15:11:52.922 [main] INFO io.cucumber.core.plugin.SerenityReporter - Running feature from file:///C:/Users/RICO/IdeaProjects/mini-project-alta/src/test/resources/features/register.feature
15:11:52.922 [main] DEBUG net.thucydides.core.steps.StepEventBus - Test suite started for story net.thucydides.core.model.Story@63230c68
15:11:52.922 [main] INFO  - Test Suite Started: Register
15:11:52.922 [main] INFO io.cucumber.core.plugin.SerenityReporter - Running feature from file:///C:/Users/RICO/IdeaProjects/mini-project-alta/src/test/resources/features/category.feature
15:11:52.922 [main] DEBUG net.thucydides.core.steps.StepEventBus - Test suite started for story net.thucydides.core.model.Story@bda4cc8
15:11:52.922 [main] INFO  - Test Suite Started: Category

Scenario: User want to search product by Category (Category1) &amp#27;[90m# src/test/resources/features/category.feature:3&amp#27;[0m
15:11:53.082 [main] INFO io.cucumber.core.plugin.SerenityReporter - Running feature from file:///C:/Users/RICO/IdeaProjects/mini-project-alta/src/test/resources/features/category.feature
15:11:53.223 [main] INFO  - 
  _____   ___   ___   _____     ___   _____     _     ___   _____   ___   ___  
 |_   _| | __| / __| |_   _|   / __| |_   _|   /_\   | _ \ |_   _| | __| |   \ 
   | |   | _|  \__ \   | |     \__ \   | |    / _ \  |   /   | |   | _|  | |) |
   |_|   |___| |___/   |_|     |___/   |_|   /_/ \_\ |_|_\   |_|   |___| |___/ 

User want to search product by Category (Category1)(category;user-want-to-search-product-by-category-(category1))
--------------------------------------------------------------------------------
15:11:54.246 [main] DEBUG net.thucydides.core.steps.StepInterceptor - STARTING STEP: CategoryStep.onLandingPage1 - onPageHomeee
15:11:54.281 [main] DEBUG net.thucydides.core.steps.StepInterceptor - STEP DONE: onPageHomeee
  &amp#27;[32mGiven &amp#27;[0m&amp#27;[32mI am on landing Page&amp#27;[0m                                  &amp#27;[90m# starter.stepdefinition.CategoryStep.onLandingPage1()&amp#27;[0m
15:11:54.300 [main] DEBUG net.thucydides.core.steps.StepInterceptor - STARTING STEP: CategoryStep.clickButtonSelectCategory - clickMenuCategory
15:11:54.316 [main] DEBUG net.thucydides.core.steps.StepInterceptor - STEP DONE: clickMenuCategory
  &amp#27;[32mWhen &amp#27;[0m&amp#27;[32mI click button "Select category..."&amp#27;[0m                    &amp#27;[90m# starter.stepdefinition.CategoryStep.clickButtonSelectCategory()&amp#27;[0m
15:11:54.327 [main] DEBUG net.thucydides.core.steps.StepInterceptor - STARTING STEP: CategoryStep.clickCategoryKesehatan - clickCategoryKesehatan
15:11:54.337 [main] DEBUG net.thucydides.core.steps.StepInterceptor - STEP DONE: clickCategoryKesehatan
  &amp#27;[32mAnd &amp#27;[0m&amp#27;[32mI click category "Kesehatan"&amp#27;[0m                            &amp#27;[90m# starter.stepdefinition.CategoryStep.clickCategoryKesehatan()&amp#27;[0m
15:11:54.346 [main] DEBUG net.thucydides.core.steps.StepInterceptor - STARTING STEP: CategoryStep.ShowAlertProductEmpty - showAlertEmpty
15:11:54.350 [main] DEBUG net.thucydides.core.steps.StepInterceptor - STEP DONE: showAlertEmpty
  &amp#27;[32mThen &amp#27;[0m&amp#27;[32mShow alert "Product is empty!"&amp#27;[0m                         &amp#27;[90m# starter.stepdefinition.CategoryStep.ShowAlertProductEmpty()&amp#27;[0m
15:11:54.358 [main] INFO  - 
  _____   ___   ___   _____     ___     _     ___   ___   ___   ___  
 |_   _| | __| / __| |_   _|   | _ \   /_\   / __| / __| | __| |   \ 
   | |   | _|  \__ \   | |     |  _/  / _ \  \__ \ \__ \ | _|  | |) |
   |_|   |___| |___/   |_|     |_|   /_/ \_\ |___/ |___/ |___| |___/ 

User want to search product by Category (Category1)
----------------------------------------------------------------------
]]></system-out>
  </testcase>
  <testcase name="User want to search product by Category (Category2)" classname="Category" time="0.136">
    <system-out><![CDATA[
Scenario: User want to search product by Category (Category2) &amp#27;[90m# src/test/resources/features/category.feature:9&amp#27;[0m
15:11:54.400 [main] INFO io.cucumber.core.plugin.SerenityReporter - Running feature from file:///C:/Users/RICO/IdeaProjects/mini-project-alta/src/test/resources/features/category.feature
15:11:54.400 [main] INFO  - 
  _____   ___   ___   _____     ___   _____     _     ___   _____   ___   ___  
 |_   _| | __| / __| |_   _|   / __| |_   _|   /_\   | _ \ |_   _| | __| |   \ 
   | |   | _|  \__ \   | |     \__ \   | |    / _ \  |   /   | |   | _|  | |) |
   |_|   |___| |___/   |_|     |___/   |_|   /_/ \_\ |_|_\   |_|   |___| |___/ 

User want to search product by Category (Category2)(category;user-want-to-search-product-by-category-(category2))
--------------------------------------------------------------------------------
15:11:54.445 [main] DEBUG net.thucydides.core.steps.StepInterceptor - STARTING STEP: CategoryStep.onLandingPagee - onPageHomee
15:11:54.451 [main] DEBUG net.thucydides.core.steps.StepInterceptor - STEP DONE: onPageHomee
  &amp#27;[32mGiven &amp#27;[0m&amp#27;[32mI am on landing Pagee&amp#27;[0m                                 &amp#27;[90m# starter.stepdefinition.CategoryStep.onLandingPagee()&amp#27;[0m
15:11:54.462 [main] DEBUG net.thucydides.core.steps.StepInterceptor - STARTING STEP: CategoryStep.clickButtonPilihCategory - clickMenuCategory
15:11:54.471 [main] DEBUG net.thucydides.core.steps.StepInterceptor - STEP DONE: clickMenuCategory
  &amp#27;[32mWhen &amp#27;[0m&amp#27;[32mI click button "Select category.."&amp#27;[0m                     &amp#27;[90m# starter.stepdefinition.CategoryStep.clickButtonPilihCategory()&amp#27;[0m
15:11:54.482 [main] DEBUG net.thucydides.core.steps.StepInterceptor - STARTING STEP: CategoryStep.clickCategoryAlat - clickCategoryAlat
15:11:54.493 [main] DEBUG net.thucydides.core.steps.StepInterceptor - STEP DONE: clickCategoryAlat
  &amp#27;[32mAnd &amp#27;[0m&amp#27;[32mI click category "Alat"&amp#27;[0m                                 &amp#27;[90m# starter.stepdefinition.CategoryStep.clickCategoryAlat()&amp#27;[0m
15:11:54.502 [main] DEBUG net.thucydides.core.steps.StepInterceptor - STARTING STEP: CategoryStep.showAlertCanNotGetProducts - showAlertCantGetProduct
15:11:54.504 [main] DEBUG net.thucydides.core.steps.StepInterceptor - STEP DONE: showAlertCantGetProduct
  &amp#27;[32mThen &amp#27;[0m&amp#27;[32mShow alert "Can not get products!"&amp#27;[0m                     &amp#27;[90m# starter.stepdefinition.CategoryStep.showAlertCanNotGetProducts()&amp#27;[0m
15:11:54.508 [main] INFO  - 
  _____   ___   ___   _____     ___     _     ___   ___   ___   ___  
 |_   _| | __| / __| |_   _|   | _ \   /_\   / __| / __| | __| |   \ 
   | |   | _|  \__ \   | |     |  _/  / _ \  \__ \ \__ \ | _|  | |) |
   |_|   |___| |___/   |_|     |_|   /_/ \_\ |___/ |___/ |___| |___/ 

User want to search product by Category (Category2)
----------------------------------------------------------------------
]]></system-out>
  </testcase>
  <testcase name="Verify if a user can login with a valid email and password. (Login4)" classname="Login" time="0.357">
    <system-out><![CDATA[15:11:54.512 [main] INFO io.cucumber.core.plugin.SerenityReporter - Running feature from file:///C:/Users/RICO/IdeaProjects/mini-project-alta/src/test/resources/features/login.feature
15:11:54.521 [main] DEBUG net.thucydides.core.steps.StepEventBus - Test suite started for story net.thucydides.core.model.Story@f388ff28
15:11:54.522 [main] INFO  - Test Suite Started: Login

Scenario: Verify if a user can login with a valid email and password. (Login4) &amp#27;[90m# src/test/resources/features/login.feature:3&amp#27;[0m
15:11:54.561 [main] INFO io.cucumber.core.plugin.SerenityReporter - Running feature from file:///C:/Users/RICO/IdeaProjects/mini-project-alta/src/test/resources/features/login.feature
15:11:54.566 [main] INFO  - 
  _____   ___   ___   _____     ___   _____     _     ___   _____   ___   ___  
 |_   _| | __| / __| |_   _|   / __| |_   _|   /_\   | _ \ |_   _| | __| |   \ 
   | |   | _|  \__ \   | |     \__ \   | |    / _ \  |   /   | |   | _|  | |) |
   |_|   |___| |___/   |_|     |___/   |_|   /_/ \_\ |_|_\   |_|   |___| |___/ 

Verify if a user can login with a valid email and password. (Login4)(login;verify-if-a-user-can-login-with-a-valid-email-and-password.-(login4))
--------------------------------------------------------------------------------
15:11:54.761 [main] DEBUG net.thucydides.core.steps.StepInterceptor - STARTING STEP: LoginStep.onLandingPage - onPageHomee
15:11:54.765 [main] DEBUG net.thucydides.core.steps.StepInterceptor - STEP DONE: onPageHomee
  &amp#27;[32mGiven &amp#27;[0m&amp#27;[32mI am on Landing Page&amp#27;[0m                                                   &amp#27;[90m# starter.stepdefinition.LoginStep.onLandingPage()&amp#27;[0m
15:11:54.775 [main] DEBUG net.thucydides.core.steps.StepInterceptor - STARTING STEP: LoginStep.clickButtonSignin - openSigninPage
15:11:54.786 [main] DEBUG net.thucydides.core.steps.StepInterceptor - STEP DONE: openSigninPage
  &amp#27;[32mWhen &amp#27;[0m&amp#27;[32mI click button sign-in&amp#27;[0m                                                  &amp#27;[90m# starter.stepdefinition.LoginStep.clickButtonSignin()&amp#27;[0m
15:11:54.796 [main] DEBUG net.thucydides.core.steps.StepInterceptor - STARTING STEP: LoginStep.onLoginPage - validateOnLoginPage
15:11:54.801 [main] DEBUG net.thucydides.core.steps.StepInterceptor - STEP DONE: validateOnLoginPage
  &amp#27;[32mAnd &amp#27;[0m&amp#27;[32mI am on login page&amp#27;[0m                                                       &amp#27;[90m# starter.stepdefinition.LoginStep.onLoginPage()&amp#27;[0m
15:11:54.810 [main] DEBUG net.thucydides.core.steps.StepInterceptor - STARTING STEP: LoginStep.iInputUsernameAndPassword - inputEmail
15:11:54.817 [main] DEBUG net.thucydides.core.steps.StepInterceptor - STEP DONE: inputEmail
15:11:54.820 [main] DEBUG net.thucydides.core.steps.StepInterceptor - STARTING STEP: LoginStep.iInputUsernameAndPassword - inputPassword
15:11:54.838 [main] DEBUG net.thucydides.core.steps.StepInterceptor - STEP DONE: inputPassword
  &amp#27;[32mAnd &amp#27;[0m&amp#27;[32mI input email &amp#27;[0m&amp#27;[32m&amp#27;[1m"<email>"&amp#27;[0m&amp#27;[32m and password &amp#27;[0m&amp#27;[32m&amp#27;[1m"<password>"&amp#27;[0m                        &amp#27;[90m# starter.stepdefinition.LoginStep.iInputUsernameAndPassword(java.lang.String,java.lang.String)&amp#27;[0m
15:11:54.847 [main] DEBUG net.thucydides.core.steps.StepInterceptor - STARTING STEP: LoginStep.clickLoginButton - clickLoginButton
15:11:54.857 [main] DEBUG net.thucydides.core.steps.StepInterceptor - STEP DONE: clickLoginButton
  &amp#27;[32mAnd &amp#27;[0m&amp#27;[32mI click login button&amp#27;[0m                                                     &amp#27;[90m# starter.stepdefinition.LoginStep.clickLoginButton()&amp#27;[0m
15:11:54.868 [main] DEBUG net.thucydides.core.steps.StepInterceptor - STARTING STEP: LoginStep.onHomePage - onPageHomee
15:11:54.874 [main] DEBUG net.thucydides.core.steps.StepInterceptor - STEP DONE: onPageHomee
  &amp#27;[32mThen &amp#27;[0m&amp#27;[32mI am on home page&amp#27;[0m                                                       &amp#27;[90m# starter.stepdefinition.LoginStep.onHomePage()&amp#27;[0m
15:11:54.879 [main] INFO  - 
  _____   ___   ___   _____     ___     _     ___   ___   ___   ___  
 |_   _| | __| / __| |_   _|   | _ \   /_\   / __| / __| | __| |   \ 
   | |   | _|  \__ \   | |     |  _/  / _ \  \__ \ \__ \ | _|  | |) |
   |_|   |___| |___/   |_|     |_|   /_/ \_\ |___/ |___/ |___| |___/ 

Verify if a user can login with a valid email and password. (Login4)
----------------------------------------------------------------------
]]></system-out>
  </testcase>
  <testcase name="Verify if a user can&apos;t login with an invalid email and password. (Login3)" classname="Login" time="0.237">
    <system-out><![CDATA[
Scenario Outline: Verify if a user can't login with an invalid email and password. (Login3) &amp#27;[90m# src/test/resources/features/login.feature:20&amp#27;[0m
15:11:54.921 [main] INFO io.cucumber.core.plugin.SerenityReporter - Running feature from file:///C:/Users/RICO/IdeaProjects/mini-project-alta/src/test/resources/features/login.feature
15:11:54.937 [main] INFO  - 
  _____   ___   ___   _____     ___   _____     _     ___   _____   ___   ___  
 |_   _| | __| / __| |_   _|   / __| |_   _|   /_\   | _ \ |_   _| | __| |   \ 
   | |   | _|  \__ \   | |     \__ \   | |    / _ \  |   /   | |   | _|  | |) |
   |_|   |___| |___/   |_|     |___/   |_|   /_/ \_\ |_|_\   |_|   |___| |___/ 

Verify if a user can't login with an invalid email and password. (Login3)(login;verify-if-a-user-can-t-login-with-an-invalid-email-and-password.-(login3))
--------------------------------------------------------------------------------
15:11:55.002 [main] DEBUG net.thucydides.core.steps.StepInterceptor - STARTING STEP: LoginStep.onLandingPage3 - onPageHomee
15:11:55.006 [main] DEBUG net.thucydides.core.steps.StepInterceptor - STEP DONE: onPageHomee
  &amp#27;[32mGiven &amp#27;[0m&amp#27;[32mI am on LandingPage&amp#27;[0m                                                                 &amp#27;[90m# starter.stepdefinition.LoginStep.onLandingPage3()&amp#27;[0m
15:11:55.015 [main] DEBUG net.thucydides.core.steps.StepInterceptor - STARTING STEP: LoginStep.clickButtonSignin3 - openSigninPage
15:11:55.023 [main] DEBUG net.thucydides.core.steps.StepInterceptor - STEP DONE: openSigninPage
  &amp#27;[32mWhen &amp#27;[0m&amp#27;[32mI click button Sign In&amp#27;[0m                                                               &amp#27;[90m# starter.stepdefinition.LoginStep.clickButtonSignin3()&amp#27;[0m
15:11:55.034 [main] DEBUG net.thucydides.core.steps.StepInterceptor - STARTING STEP: LoginStep.onLoginPage3 - validateOnLoginPage
15:11:55.039 [main] DEBUG net.thucydides.core.steps.StepInterceptor - STEP DONE: validateOnLoginPage
  &amp#27;[32mAnd &amp#27;[0m&amp#27;[32mI am on LoginPage&amp#27;[0m                                                                     &amp#27;[90m# starter.stepdefinition.LoginStep.onLoginPage3()&amp#27;[0m
15:11:55.052 [main] DEBUG net.thucydides.core.steps.StepInterceptor - STARTING STEP: LoginStep.iInputInvalidEmailAndInvalidPassword - inputEmail
15:11:55.060 [main] DEBUG net.thucydides.core.steps.StepInterceptor - STEP DONE: inputEmail
15:11:55.065 [main] DEBUG net.thucydides.core.steps.StepInterceptor - STARTING STEP: LoginStep.iInputInvalidEmailAndInvalidPassword - inputPassword
15:11:55.071 [main] DEBUG net.thucydides.core.steps.StepInterceptor - STEP DONE: inputPassword
  &amp#27;[32mAnd &amp#27;[0m&amp#27;[32mI input invalid email &amp#27;[0m&amp#27;[32m&amp#27;[1m"riko@gmail.com"&amp#27;[0m&amp#27;[32m and invalid password &amp#27;[0m&amp#27;[32m&amp#27;[1m"passwordsalah"&amp#27;[0m           &amp#27;[90m# starter.stepdefinition.LoginStep.iInputInvalidEmailAndInvalidPassword(java.lang.String,java.lang.String)&amp#27;[0m
15:11:55.080 [main] DEBUG net.thucydides.core.steps.StepInterceptor - STARTING STEP: LoginStep.clickLoginButton3 - clickLoginButton
15:11:55.093 [main] DEBUG net.thucydides.core.steps.StepInterceptor - STEP DONE: clickLoginButton
  &amp#27;[32mAnd &amp#27;[0m&amp#27;[32mI click button login&amp#27;[0m                                                                  &amp#27;[90m# starter.stepdefinition.LoginStep.clickLoginButton3()&amp#27;[0m
15:11:55.103 [main] DEBUG net.thucydides.core.steps.StepInterceptor - STARTING STEP: LoginStep.onHomePage3 - errorMessage
15:11:55.107 [main] DEBUG net.thucydides.core.steps.StepInterceptor - STEP DONE: errorMessage
  &amp#27;[32mThen &amp#27;[0m&amp#27;[32mShow Error Message "record not found"&amp#27;[0m                                                &amp#27;[90m# starter.stepdefinition.LoginStep.onHomePage3()&amp#27;[0m
15:11:55.117 [main] INFO  - 
  _____   ___   ___   _____     ___     _     ___   ___   ___   ___  
 |_   _| | __| / __| |_   _|   | _ \   /_\   / __| / __| | __| |   \ 
   | |   | _|  \__ \   | |     |  _/  / _ \  \__ \ \__ \ | _|  | |) |
   |_|   |___| |___/   |_|     |_|   /_/ \_\ |___/ |___/ |___| |___/ 

Verify if a user can't login with an invalid email and password. (Login3)
----------------------------------------------------------------------
]]></system-out>
  </testcase>
  <testcase name="Verify if a user can&apos;t login with an valid email and invalid password. (Login2)" classname="Login" time="0.222">
    <system-out><![CDATA[
Scenario Outline: Verify if a user can't login with an valid email and invalid password. (Login2) &amp#27;[90m# src/test/resources/features/login.feature:32&amp#27;[0m
15:11:55.150 [main] INFO io.cucumber.core.plugin.SerenityReporter - Running feature from file:///C:/Users/RICO/IdeaProjects/mini-project-alta/src/test/resources/features/login.feature
15:11:55.155 [main] INFO  - 
  _____   ___   ___   _____     ___   _____     _     ___   _____   ___   ___  
 |_   _| | __| / __| |_   _|   / __| |_   _|   /_\   | _ \ |_   _| | __| |   \ 
   | |   | _|  \__ \   | |     \__ \   | |    / _ \  |   /   | |   | _|  | |) |
   |_|   |___| |___/   |_|     |___/   |_|   /_/ \_\ |_|_\   |_|   |___| |___/ 

Verify if a user can't login with an valid email and invalid password. (Login2)(login;verify-if-a-user-can-t-login-with-an-valid-email-and-invalid-password.-(login2))
--------------------------------------------------------------------------------
15:11:55.212 [main] DEBUG net.thucydides.core.steps.StepInterceptor - STARTING STEP: LoginStep.onLandingPage2 - onPageHomee
15:11:55.216 [main] DEBUG net.thucydides.core.steps.StepInterceptor - STEP DONE: onPageHomee
  &amp#27;[32mGiven &amp#27;[0m&amp#27;[32mI am on Landing Page2&amp#27;[0m                                                                     &amp#27;[90m# starter.stepdefinition.LoginStep.onLandingPage2()&amp#27;[0m
15:11:55.223 [main] DEBUG net.thucydides.core.steps.StepInterceptor - STARTING STEP: LoginStep.clickButtonSignin2 - openSigninPage
15:11:55.234 [main] DEBUG net.thucydides.core.steps.StepInterceptor - STEP DONE: openSigninPage
  &amp#27;[32mWhen &amp#27;[0m&amp#27;[32mI click button sign-In&amp#27;[0m                                                                     &amp#27;[90m# starter.stepdefinition.LoginStep.clickButtonSignin2()&amp#27;[0m
15:11:55.244 [main] DEBUG net.thucydides.core.steps.StepInterceptor - STARTING STEP: LoginStep.onLoginPage2 - validateOnLoginPage
15:11:55.254 [main] DEBUG net.thucydides.core.steps.StepInterceptor - STEP DONE: validateOnLoginPage
  &amp#27;[32mAnd &amp#27;[0m&amp#27;[32mI am on login  Page&amp#27;[0m                                                                         &amp#27;[90m# starter.stepdefinition.LoginStep.onLoginPage2()&amp#27;[0m
15:11:55.267 [main] DEBUG net.thucydides.core.steps.StepInterceptor - STARTING STEP: LoginStep.iInputValidEmailAndInvalidPassword - inputEmail
15:11:55.275 [main] DEBUG net.thucydides.core.steps.StepInterceptor - STEP DONE: inputEmail
15:11:55.279 [main] DEBUG net.thucydides.core.steps.StepInterceptor - STARTING STEP: LoginStep.iInputValidEmailAndInvalidPassword - inputPassword
15:11:55.301 [main] DEBUG net.thucydides.core.steps.StepInterceptor - STEP DONE: inputPassword
  &amp#27;[32mAnd &amp#27;[0m&amp#27;[32mI input valid email &amp#27;[0m&amp#27;[32m&amp#27;[1m"rikoshtp@gmail.com"&amp#27;[0m&amp#27;[32m and invalid password &amp#27;[0m&amp#27;[32m&amp#27;[1m"passwordsalah"&amp#27;[0m               &amp#27;[90m# starter.stepdefinition.LoginStep.iInputValidEmailAndInvalidPassword(java.lang.String,java.lang.String)&amp#27;[0m
15:11:55.311 [main] DEBUG net.thucydides.core.steps.StepInterceptor - STARTING STEP: LoginStep.clickLoginButton2 - clickLoginButton
15:11:55.320 [main] DEBUG net.thucydides.core.steps.StepInterceptor - STEP DONE: clickLoginButton
  &amp#27;[32mAnd &amp#27;[0m&amp#27;[32mI click login Button&amp#27;[0m                                                                        &amp#27;[90m# starter.stepdefinition.LoginStep.clickLoginButton2()&amp#27;[0m
15:11:55.328 [main] DEBUG net.thucydides.core.steps.StepInterceptor - STARTING STEP: LoginStep.onHomePage2 - showErrorInvalid
15:11:55.332 [main] DEBUG net.thucydides.core.steps.StepInterceptor - STEP DONE: showErrorInvalid
  &amp#27;[32mThen &amp#27;[0m&amp#27;[32mShow error Message "email or password is invalid"&amp#27;[0m                                          &amp#27;[90m# starter.stepdefinition.LoginStep.onHomePage2()&amp#27;[0m
15:11:55.341 [main] INFO  - 
  _____   ___   ___   _____     ___     _     ___   ___   ___   ___  
 |_   _| | __| / __| |_   _|   | _ \   /_\   / __| / __| | __| |   \ 
   | |   | _|  \__ \   | |     |  _/  / _ \  \__ \ \__ \ | _|  | |) |
   |_|   |___| |___/   |_|     |_|   /_/ \_\ |___/ |___/ |___| |___/ 

Verify if a user can't login with an valid email and invalid password. (Login2)
----------------------------------------------------------------------
]]></system-out>
  </testcase>
  <testcase name="Verify if a user can&apos;t login with an invalid email and valid password. (Login1)" classname="Login" time="0.191">
    <system-out><![CDATA[
Scenario Outline: Verify if a user can't login with an invalid email and valid password. (Login1) &amp#27;[90m# src/test/resources/features/login.feature:43&amp#27;[0m
15:11:55.373 [main] INFO io.cucumber.core.plugin.SerenityReporter - Running feature from file:///C:/Users/RICO/IdeaProjects/mini-project-alta/src/test/resources/features/login.feature
15:11:55.378 [main] INFO  - 
  _____   ___   ___   _____     ___   _____     _     ___   _____   ___   ___  
 |_   _| | __| / __| |_   _|   / __| |_   _|   /_\   | _ \ |_   _| | __| |   \ 
   | |   | _|  \__ \   | |     \__ \   | |    / _ \  |   /   | |   | _|  | |) |
   |_|   |___| |___/   |_|     |___/   |_|   /_/ \_\ |_|_\   |_|   |___| |___/ 

Verify if a user can't login with an invalid email and valid password. (Login1)(login;verify-if-a-user-can-t-login-with-an-invalid-email-and-valid-password.-(login1))
--------------------------------------------------------------------------------
15:11:55.429 [main] DEBUG net.thucydides.core.steps.StepInterceptor - STARTING STEP: LoginStep.iAmOnLandingPage - onPageHomeee
15:11:55.433 [main] DEBUG net.thucydides.core.steps.StepInterceptor - STEP DONE: onPageHomeee
  &amp#27;[32mGiven &amp#27;[0m&amp#27;[32mI am on Landing Page1&amp#27;[0m                                                                     &amp#27;[90m# starter.stepdefinition.LoginStep.iAmOnLandingPage()&amp#27;[0m
15:11:55.441 [main] DEBUG net.thucydides.core.steps.StepInterceptor - STARTING STEP: LoginStep.iClickButtonSignIn - openSigninPage
15:11:55.452 [main] DEBUG net.thucydides.core.steps.StepInterceptor - STEP DONE: openSigninPage
  &amp#27;[32mWhen &amp#27;[0m&amp#27;[32mI click button Sign-in&amp#27;[0m                                                                     &amp#27;[90m# starter.stepdefinition.LoginStep.iClickButtonSignIn()&amp#27;[0m
15:11:55.461 [main] DEBUG net.thucydides.core.steps.StepInterceptor - STARTING STEP: LoginStep.iAmOnLoginPage - validateOnLoginPage
15:11:55.465 [main] DEBUG net.thucydides.core.steps.StepInterceptor - STEP DONE: validateOnLoginPage
  &amp#27;[32mAnd &amp#27;[0m&amp#27;[32mI am on login Page&amp#27;[0m                                                                          &amp#27;[90m# starter.stepdefinition.LoginStep.iAmOnLoginPage()&amp#27;[0m
15:11:55.476 [main] DEBUG net.thucydides.core.steps.StepInterceptor - STARTING STEP: LoginStep.iInputInvalidEmailAndValidPassword - inputEmail
15:11:55.482 [main] DEBUG net.thucydides.core.steps.StepInterceptor - STEP DONE: inputEmail
15:11:55.486 [main] DEBUG net.thucydides.core.steps.StepInterceptor - STARTING STEP: LoginStep.iInputInvalidEmailAndValidPassword - inputPassword
15:11:55.493 [main] DEBUG net.thucydides.core.steps.StepInterceptor - STEP DONE: inputPassword
  &amp#27;[32mAnd &amp#27;[0m&amp#27;[32mI input invalid email &amp#27;[0m&amp#27;[32m&amp#27;[1m"riko@gmail.com"&amp#27;[0m&amp#27;[32m and valid password &amp#27;[0m&amp#27;[32m&amp#27;[1m"qualityengineer"&amp#27;[0m                 &amp#27;[90m# starter.stepdefinition.LoginStep.iInputInvalidEmailAndValidPassword(java.lang.String,java.lang.String)&amp#27;[0m
15:11:55.503 [main] DEBUG net.thucydides.core.steps.StepInterceptor - STARTING STEP: LoginStep.iClickButtonLogin - clickLoginButton
15:11:55.513 [main] DEBUG net.thucydides.core.steps.StepInterceptor - STEP DONE: clickLoginButton
  &amp#27;[32mAnd &amp#27;[0m&amp#27;[32mI click Button Login&amp#27;[0m                                                                        &amp#27;[90m# starter.stepdefinition.LoginStep.iClickButtonLogin()&amp#27;[0m
15:11:55.524 [main] DEBUG net.thucydides.core.steps.StepInterceptor - STARTING STEP: LoginStep.showingErrorMessage - errorMessage
15:11:55.524 [main] DEBUG net.thucydides.core.steps.StepInterceptor - STEP DONE: errorMessage
  &amp#27;[32mThen &amp#27;[0m&amp#27;[32mShowing Error Message "record not found"&amp#27;[0m                                                   &amp#27;[90m# starter.stepdefinition.LoginStep.showingErrorMessage()&amp#27;[0m
15:11:55.534 [main] INFO  - 
  _____   ___   ___   _____     ___     _     ___   ___   ___   ___  
 |_   _| | __| / __| |_   _|   | _ \   /_\   / __| / __| | __| |   \ 
   | |   | _|  \__ \   | |     |  _/  / _ \  \__ \ \__ \ | _|  | |) |
   |_|   |___| |___/   |_|     |_|   /_/ \_\ |___/ |___/ |___| |___/ 

Verify if a user can't login with an invalid email and valid password. (Login1)
----------------------------------------------------------------------
]]></system-out>
  </testcase>
  <testcase name="Add and subtract product quantity and then order without login" classname="Order" time="0.421">
    <system-out><![CDATA[15:11:55.534 [main] INFO io.cucumber.core.plugin.SerenityReporter - Running feature from file:///C:/Users/RICO/IdeaProjects/mini-project-alta/src/test/resources/features/order.feature
15:11:55.542 [main] DEBUG net.thucydides.core.steps.StepEventBus - Test suite started for story net.thucydides.core.model.Story@9cac46c8
15:11:55.552 [main] INFO  - Test Suite Started: Order

Scenario: Add and subtract product quantity and then order without login &amp#27;[90m# src/test/resources/features/order.feature:8&amp#27;[0m
15:11:55.575 [main] INFO io.cucumber.core.plugin.SerenityReporter - Running feature from file:///C:/Users/RICO/IdeaProjects/mini-project-alta/src/test/resources/features/order.feature
15:11:55.579 [main] INFO  - 
  _____   ___   ___   _____     ___   _____     _     ___   _____   ___   ___  
 |_   _| | __| / __| |_   _|   / __| |_   _|   /_\   | _ \ |_   _| | __| |   \ 
   | |   | _|  \__ \   | |     \__ \   | |    / _ \  |   /   | |   | _|  | |) |
   |_|   |___| |___/   |_|     |___/   |_|   /_/ \_\ |_|_\   |_|   |___| |___/ 

Add and subtract product quantity and then order without login(order;add-and-subtract-product-quantity-and-then-order-without-login)
--------------------------------------------------------------------------------
15:11:55.873 [main] DEBUG net.thucydides.core.steps.StepInterceptor - STARTING STEP: OrderStep.onLandingPages - onPageHomeee
15:11:55.876 [main] DEBUG net.thucydides.core.steps.StepInterceptor - STEP DONE: onPageHomeee
  &amp#27;[32mGiven &amp#27;[0m&amp#27;[32mI am on Landing_Pages&amp#27;[0m                                            &amp#27;[90m# starter.stepdefinition.OrderStep.onLandingPages()&amp#27;[0m
15:11:55.885 [main] DEBUG net.thucydides.core.steps.StepInterceptor - STARTING STEP: OrderStep.clickBuyOnAnyProduct - clickBuyTensiElektrik
15:11:55.885 [main] DEBUG net.thucydides.core.steps.StepInterceptor - STEP DONE: clickBuyTensiElektrik
  &amp#27;[32mWhen &amp#27;[0m&amp#27;[32mI click "Buy" on any product&amp#27;[0m                                      &amp#27;[90m# starter.stepdefinition.OrderStep.clickBuyOnAnyProduct()&amp#27;[0m
15:11:55.895 [main] DEBUG net.thucydides.core.steps.StepInterceptor - STARTING STEP: OrderStep.clickIconCart - clickIconCart
15:11:55.905 [main] DEBUG net.thucydides.core.steps.StepInterceptor - STEP DONE: clickIconCart
  &amp#27;[32mAnd &amp#27;[0m&amp#27;[32mI click Icon Cart&amp#27;[0m                                                  &amp#27;[90m# starter.stepdefinition.OrderStep.clickIconCart()&amp#27;[0m
  &amp#27;[32mAnd &amp#27;[0m&amp#27;[32mI click "+" 2 times&amp#27;[0m                                                &amp#27;[90m# starter.stepdefinition.OrderStep.clickPlus()&amp#27;[0m
15:11:55.921 [main] DEBUG net.thucydides.core.steps.StepInterceptor - STARTING STEP: OrderStep.clickMin - clickButtonMin
15:11:55.933 [main] DEBUG net.thucydides.core.steps.StepInterceptor - STEP DONE: clickButtonMin
  &amp#27;[32mAnd &amp#27;[0m&amp#27;[32mI click "-"&amp#27;[0m                                                        &amp#27;[90m# starter.stepdefinition.OrderStep.clickMin()&amp#27;[0m
15:11:55.944 [main] DEBUG net.thucydides.core.steps.StepInterceptor - STARTING STEP: OrderStep.clickButtonBeli - clickButtonBayar
15:11:55.956 [main] DEBUG net.thucydides.core.steps.StepInterceptor - STEP DONE: clickButtonBayar
  &amp#27;[32mAnd &amp#27;[0m&amp#27;[32mI click button Bayar&amp#27;[0m                                               &amp#27;[90m# starter.stepdefinition.OrderStep.clickButtonBeli()&amp#27;[0m
15:11:55.965 [main] DEBUG net.thucydides.core.steps.StepInterceptor - STARTING STEP: OrderStep.showSignInPage - validateOnLoginPage
15:11:55.969 [main] DEBUG net.thucydides.core.steps.StepInterceptor - STEP DONE: validateOnLoginPage
  &amp#27;[32mThen &amp#27;[0m&amp#27;[32mShow Sign In Page&amp#27;[0m                                                 &amp#27;[90m# starter.stepdefinition.OrderStep.showSignInPage()&amp#27;[0m
15:11:55.973 [main] INFO  - 
  _____   ___   ___   _____     ___     _     ___   ___   ___   ___  
 |_   _| | __| / __| |_   _|   | _ \   /_\   / __| / __| | __| |   \ 
   | |   | _|  \__ \   | |     |  _/  / _ \  \__ \ \__ \ | _|  | |) |
   |_|   |___| |___/   |_|     |_|   /_/ \_\ |___/ |___/ |___| |___/ 

Add and subtract product quantity and then order without login
----------------------------------------------------------------------
]]></system-out>
  </testcase>
  <testcase name="Add and subtract product quantity and then order with login" classname="Order" time="0.36">
    <system-out><![CDATA[
Scenario: Add and subtract product quantity and then order with login &amp#27;[90m# src/test/resources/features/order.feature:14&amp#27;[0m
15:11:56.009 [main] INFO io.cucumber.core.plugin.SerenityReporter - Running feature from file:///C:/Users/RICO/IdeaProjects/mini-project-alta/src/test/resources/features/order.feature
15:11:56.015 [main] INFO  - 
  _____   ___   ___   _____     ___   _____     _     ___   _____   ___   ___  
 |_   _| | __| / __| |_   _|   / __| |_   _|   /_\   | _ \ |_   _| | __| |   \ 
   | |   | _|  \__ \   | |     \__ \   | |    / _ \  |   /   | |   | _|  | |) |
   |_|   |___| |___/   |_|     |___/   |_|   /_/ \_\ |_|_\   |_|   |___| |___/ 

Add and subtract product quantity and then order with login(order;add-and-subtract-product-quantity-and-then-order-with-login)
--------------------------------------------------------------------------------
15:11:56.102 [main] DEBUG net.thucydides.core.steps.StepInterceptor - STARTING STEP: OrderStep.onLandingPages - onPageHomeee
15:11:56.107 [main] DEBUG net.thucydides.core.steps.StepInterceptor - STEP DONE: onPageHomeee
  &amp#27;[32mGiven &amp#27;[0m&amp#27;[32mI am on Landing_Pages&amp#27;[0m                                         &amp#27;[90m# starter.stepdefinition.OrderStep.onLandingPages()&amp#27;[0m
15:11:56.115 [main] DEBUG net.thucydides.core.steps.StepInterceptor - STARTING STEP: OrderStep.clickBuyOnAnyProduct - clickBuyTensiElektrik
15:11:56.118 [main] DEBUG net.thucydides.core.steps.StepInterceptor - STEP DONE: clickBuyTensiElektrik
  &amp#27;[32mWhen &amp#27;[0m&amp#27;[32mI click "Buy" on any product&amp#27;[0m                                   &amp#27;[90m# starter.stepdefinition.OrderStep.clickBuyOnAnyProduct()&amp#27;[0m
15:11:56.126 [main] DEBUG net.thucydides.core.steps.StepInterceptor - STARTING STEP: OrderStep.clickIconCart - clickIconCart
15:11:56.135 [main] DEBUG net.thucydides.core.steps.StepInterceptor - STEP DONE: clickIconCart
  &amp#27;[32mAnd &amp#27;[0m&amp#27;[32mI click Icon Cart&amp#27;[0m                                               &amp#27;[90m# starter.stepdefinition.OrderStep.clickIconCart()&amp#27;[0m
  &amp#27;[32mAnd &amp#27;[0m&amp#27;[32mI click button "+" 2 times&amp#27;[0m                                      &amp#27;[90m# starter.stepdefinition.OrderStep.iClickButtonTimes()&amp#27;[0m
15:11:56.149 [main] DEBUG net.thucydides.core.steps.StepInterceptor - STARTING STEP: OrderStep.clickButtonMinn - clickButtonMin
15:11:56.163 [main] DEBUG net.thucydides.core.steps.StepInterceptor - STEP DONE: clickButtonMin
  &amp#27;[32mAnd &amp#27;[0m&amp#27;[32mI click button "-"&amp#27;[0m                                              &amp#27;[90m# starter.stepdefinition.OrderStep.clickButtonMinn()&amp#27;[0m
15:11:56.174 [main] DEBUG net.thucydides.core.steps.StepInterceptor - STARTING STEP: OrderStep.iClickButton - clickButtonBayar
15:11:56.174 [main] DEBUG net.thucydides.core.steps.StepInterceptor - STEP DONE: clickButtonBayar
  &amp#27;[32mAnd &amp#27;[0m&amp#27;[32mI Click button Bayar&amp#27;[0m                                            &amp#27;[90m# starter.stepdefinition.OrderStep.iClickButton()&amp#27;[0m
15:11:56.189 [main] DEBUG net.thucydides.core.steps.StepInterceptor - STARTING STEP: OrderStep.iAmGoToLoginPage - validateOnLoginPage
15:11:56.189 [main] DEBUG net.thucydides.core.steps.StepInterceptor - STEP DONE: validateOnLoginPage
  &amp#27;[32mAnd &amp#27;[0m&amp#27;[32mI am go to login page&amp#27;[0m                                           &amp#27;[90m# starter.stepdefinition.OrderStep.iAmGoToLoginPage()&amp#27;[0m
15:11:56.205 [main] DEBUG net.thucydides.core.steps.StepInterceptor - STARTING STEP: OrderStep.iInputEmailAndInvalidPassword - inputEmail
15:11:56.223 [main] DEBUG net.thucydides.core.steps.StepInterceptor - STEP DONE: inputEmail
15:11:56.227 [main] DEBUG net.thucydides.core.steps.StepInterceptor - STARTING STEP: OrderStep.iInputEmailAndInvalidPassword - inputPassword
15:11:56.232 [main] DEBUG net.thucydides.core.steps.StepInterceptor - STEP DONE: inputPassword
  &amp#27;[32mAnd &amp#27;[0m&amp#27;[32mI input email &amp#27;[0m&amp#27;[32m&amp#27;[1m"<mail>"&amp#27;[0m&amp#27;[32m and invalid password &amp#27;[0m&amp#27;[32m&amp#27;[1m"<pwd>"&amp#27;[0m             &amp#27;[90m# starter.stepdefinition.OrderStep.iInputEmailAndInvalidPassword(java.lang.String,java.lang.String)&amp#27;[0m
15:11:56.238 [main] DEBUG net.thucydides.core.steps.StepInterceptor - STARTING STEP: OrderStep.iClickLOGINButton - clickLoginButton
15:11:56.247 [main] DEBUG net.thucydides.core.steps.StepInterceptor - STEP DONE: clickLoginButton
  &amp#27;[32mAnd &amp#27;[0m&amp#27;[32mI click LOGIN button&amp#27;[0m                                            &amp#27;[90m# starter.stepdefinition.OrderStep.iClickLOGINButton()&amp#27;[0m
  &amp#27;[32mThen &amp#27;[0m&amp#27;[32mI am on Transaction Page&amp#27;[0m                                       &amp#27;[90m# starter.stepdefinition.OrderStep.iAmOnTransactionPage()&amp#27;[0m
15:11:56.335 [main] INFO  - 
  _____   ___   ___   _____     ___     _     ___   ___   ___   ___  
 |_   _| | __| / __| |_   _|   | _ \   /_\   / __| / __| | __| |   \ 
   | |   | _|  \__ \   | |     |  _/  / _ \  \__ \ \__ \ | _|  | |) |
   |_|   |___| |___/   |_|     |_|   /_/ \_\ |___/ |___/ |___| |___/ 

Add and subtract product quantity and then order with login
----------------------------------------------------------------------
]]></system-out>
  </testcase>
  <testcase name="User want add product to Cart" classname="Product" time="0.114">
    <system-out><![CDATA[15:11:56.338 [main] INFO io.cucumber.core.plugin.SerenityReporter - Running feature from file:///C:/Users/RICO/IdeaProjects/mini-project-alta/src/test/resources/features/product.feature
15:11:56.343 [main] DEBUG net.thucydides.core.steps.StepEventBus - Test suite started for story net.thucydides.core.model.Story@3929c9e8
15:11:56.344 [main] INFO  - Test Suite Started: Product

Scenario: User want add product to Cart                     &amp#27;[90m# src/test/resources/features/product.feature:3&amp#27;[0m
15:11:56.365 [main] INFO io.cucumber.core.plugin.SerenityReporter - Running feature from file:///C:/Users/RICO/IdeaProjects/mini-project-alta/src/test/resources/features/product.feature
15:11:56.370 [main] INFO  - 
  _____   ___   ___   _____     ___   _____     _     ___   _____   ___   ___  
 |_   _| | __| / __| |_   _|   / __| |_   _|   /_\   | _ \ |_   _| | __| |   \ 
   | |   | _|  \__ \   | |     \__ \   | |    / _ \  |   /   | |   | _|  | |) |
   |_|   |___| |___/   |_|     |___/   |_|   /_/ \_\ |_|_\   |_|   |___| |___/ 

User want add product to Cart(product;user-want-add-product-to-cart)
--------------------------------------------------------------------------------
15:11:56.403 [main] DEBUG net.thucydides.core.steps.StepInterceptor - STARTING STEP: ProductStep.onLandingPagee - onPageHomee
15:11:56.403 [main] DEBUG net.thucydides.core.steps.StepInterceptor - STEP DONE: onPageHomee
  &amp#27;[32mGiven &amp#27;[0m&amp#27;[32mI am on Landing_Page&amp#27;[0m                                &amp#27;[90m# starter.stepdefinition.ProductStep.onLandingPagee()&amp#27;[0m
15:11:56.403 [main] DEBUG net.thucydides.core.steps.StepInterceptor - STARTING STEP: ProductStep.searchAndFoundTensiElektrik - validateTensiElektrik
15:11:56.423 [main] DEBUG net.thucydides.core.steps.StepInterceptor - STEP DONE: validateTensiElektrik
  &amp#27;[32mWhen &amp#27;[0m&amp#27;[32mI search and found "Tensi Darah Elektrik"&amp#27;[0m            &amp#27;[90m# starter.stepdefinition.ProductStep.searchAndFoundTensiElektrik()&amp#27;[0m
15:11:56.432 [main] DEBUG net.thucydides.core.steps.StepInterceptor - STARTING STEP: ProductStep.clickBeli - clickBuyTensiElektrik
15:11:56.437 [main] DEBUG net.thucydides.core.steps.StepInterceptor - STEP DONE: clickBuyTensiElektrik
  &amp#27;[32mAnd &amp#27;[0m&amp#27;[32mI click "Beli"&amp#27;[0m                                        &amp#27;[90m# starter.stepdefinition.ProductStep.clickBeli()&amp#27;[0m
15:11:56.448 [main] DEBUG net.thucydides.core.steps.StepInterceptor - STARTING STEP: ProductStep.productTensiElektrikWasAddedToCart - validateIncreaseItemCart
15:11:56.453 [main] DEBUG net.thucydides.core.steps.StepInterceptor - STEP DONE: validateIncreaseItemCart
  &amp#27;[32mThen &amp#27;[0m&amp#27;[32mThe product "Tensi Darah Elektrik" was added to cart&amp#27;[0m &amp#27;[90m# starter.stepdefinition.ProductStep.productTensiElektrikWasAddedToCart()&amp#27;[0m
15:11:56.458 [main] INFO  - 
  _____   ___   ___   _____     ___     _     ___   ___   ___   ___  
 |_   _| | __| / __| |_   _|   | _ \   /_\   / __| / __| | __| |   \ 
   | |   | _|  \__ \   | |     |  _/  / _ \  \__ \ \__ \ | _|  | |) |
   |_|   |___| |___/   |_|     |_|   /_/ \_\ |___/ |___/ |___| |___/ 

User want add product to Cart
----------------------------------------------------------------------
]]></system-out>
  </testcase>
  <testcase name="User want to view detail product" classname="Product" time="0.114">
    <system-out><![CDATA[
Scenario: User want to view detail product &amp#27;[90m# src/test/resources/features/product.feature:9&amp#27;[0m
15:11:56.486 [main] INFO io.cucumber.core.plugin.SerenityReporter - Running feature from file:///C:/Users/RICO/IdeaProjects/mini-project-alta/src/test/resources/features/product.feature
15:11:56.490 [main] INFO  - 
  _____   ___   ___   _____     ___   _____     _     ___   _____   ___   ___  
 |_   _| | __| / __| |_   _|   / __| |_   _|   /_\   | _ \ |_   _| | __| |   \ 
   | |   | _|  \__ \   | |     \__ \   | |    / _ \  |   /   | |   | _|  | |) |
   |_|   |___| |___/   |_|     |___/   |_|   /_/ \_\ |_|_\   |_|   |___| |___/ 

User want to view detail product(product;user-want-to-view-detail-product)
--------------------------------------------------------------------------------
15:11:56.514 [main] DEBUG net.thucydides.core.steps.StepInterceptor - STARTING STEP: ProductStep.onLandingPageee - onPageHomeee
15:11:56.520 [main] DEBUG net.thucydides.core.steps.StepInterceptor - STEP DONE: onPageHomeee
  &amp#27;[32mGiven &amp#27;[0m&amp#27;[32mI am on Landing_Pagee&amp#27;[0m              &amp#27;[90m# starter.stepdefinition.ProductStep.onLandingPageee()&amp#27;[0m
15:11:56.523 [main] DEBUG net.thucydides.core.steps.StepInterceptor - STARTING STEP: ProductStep.searchAndFoundProductKamera - findProductKamera
15:11:56.523 [main] DEBUG net.thucydides.core.steps.StepInterceptor - STEP DONE: findProductKamera
  &amp#27;[32mWhen &amp#27;[0m&amp#27;[32mI search and found product "Kamera"&amp#27;[0m &amp#27;[90m# starter.stepdefinition.ProductStep.searchAndFoundProductKamera()&amp#27;[0m
15:11:56.545 [main] DEBUG net.thucydides.core.steps.StepInterceptor - STARTING STEP: ProductStep.clickButtonDetail - clickButtonDetail
15:11:56.556 [main] DEBUG net.thucydides.core.steps.StepInterceptor - STEP DONE: clickButtonDetail
  &amp#27;[32mAnd &amp#27;[0m&amp#27;[32mI click button "DETAIL"&amp#27;[0m              &amp#27;[90m# starter.stepdefinition.ProductStep.clickButtonDetail()&amp#27;[0m
15:11:56.565 [main] DEBUG net.thucydides.core.steps.StepInterceptor - STARTING STEP: ProductStep.displayProductDetailPage - validateOnDetailPageKamera
15:11:56.570 [main] DEBUG net.thucydides.core.steps.StepInterceptor - STEP DONE: validateOnDetailPageKamera
  &amp#27;[32mThen &amp#27;[0m&amp#27;[32mDisplay product detail page&amp#27;[0m         &amp#27;[90m# starter.stepdefinition.ProductStep.displayProductDetailPage()&amp#27;[0m
15:11:56.575 [main] INFO  - 
  _____   ___   ___   _____     ___     _     ___   ___   ___   ___  
 |_   _| | __| / __| |_   _|   | _ \   /_\   / __| / __| | __| |   \ 
   | |   | _|  \__ \   | |     |  _/  / _ \  \__ \ \__ \ | _|  | |) |
   |_|   |___| |___/   |_|     |_|   /_/ \_\ |___/ |___/ |___| |___/ 

User want to view detail product
----------------------------------------------------------------------
]]></system-out>
  </testcase>
  <testcase name="Users want to register an account on this website (Register2)" classname="Register" time="0.261">
    <system-out><![CDATA[15:11:56.577 [main] INFO io.cucumber.core.plugin.SerenityReporter - Running feature from file:///C:/Users/RICO/IdeaProjects/mini-project-alta/src/test/resources/features/register.feature
15:11:56.585 [main] DEBUG net.thucydides.core.steps.StepEventBus - Test suite started for story net.thucydides.core.model.Story@63230c68
15:11:56.587 [main] INFO  - Test Suite Started: Register

Scenario Outline: Users want to register an account on this website (Register2) &amp#27;[90m# src/test/resources/features/register.feature:12&amp#27;[0m
15:11:56.607 [main] INFO io.cucumber.core.plugin.SerenityReporter - Running feature from file:///C:/Users/RICO/IdeaProjects/mini-project-alta/src/test/resources/features/register.feature
15:11:56.611 [main] INFO  - 
  _____   ___   ___   _____     ___   _____     _     ___   _____   ___   ___  
 |_   _| | __| / __| |_   _|   / __| |_   _|   /_\   | _ \ |_   _| | __| |   \ 
   | |   | _|  \__ \   | |     \__ \   | |    / _ \  |   /   | |   | _|  | |) |
   |_|   |___| |___/   |_|     |___/   |_|   /_/ \_\ |_|_\   |_|   |___| |___/ 

Users want to register an account on this website (Register2)(register;users-want-to-register-an-account-on-this-website-(register2))
--------------------------------------------------------------------------------
15:11:56.765 [main] DEBUG net.thucydides.core.steps.StepInterceptor - STARTING STEP: RegisterStep.clickRegister - clickRegister
15:11:56.771 [main] DEBUG net.thucydides.core.steps.StepInterceptor - STEP DONE: clickRegister
15:11:56.774 [main] DEBUG net.thucydides.core.steps.StepInterceptor - STARTING STEP: RegisterStep.clickRegister - validateOnRegisPage
15:11:56.777 [main] DEBUG net.thucydides.core.steps.StepInterceptor - STEP DONE: validateOnRegisPage
  &amp#27;[32mGiven &amp#27;[0m&amp#27;[32mI am on register page&amp#27;[0m                                                   &amp#27;[90m# starter.stepdefinition.RegisterStep.clickRegister()&amp#27;[0m
15:11:56.788 [main] DEBUG net.thucydides.core.steps.StepInterceptor - STARTING STEP: RegisterStep.iInputNamaOnFieldNamaLengkap - inputNama
15:11:56.798 [main] DEBUG net.thucydides.core.steps.StepInterceptor - STEP DONE: inputNama
  &amp#27;[32mWhen &amp#27;[0m&amp#27;[32mI input nama &amp#27;[0m&amp#27;[32m&amp#27;[1m"Ben Toyib"&amp#27;[0m&amp#27;[32m on field Nama Lengkap&amp#27;[0m                           &amp#27;[90m# starter.stepdefinition.RegisterStep.iInputNamaOnFieldNamaLengkap(java.lang.String)&amp#27;[0m
15:11:56.810 [main] DEBUG net.thucydides.core.steps.StepInterceptor - STARTING STEP: RegisterStep.iInputEmailOnFieldEmail - inputEmail
15:11:56.815 [main] DEBUG net.thucydides.core.steps.StepInterceptor - STEP DONE: inputEmail
  &amp#27;[32mAnd &amp#27;[0m&amp#27;[32mI input email &amp#27;[0m&amp#27;[32m&amp#27;[1m"bentoyib@gmail.com"&amp#27;[0m&amp#27;[32m on field Email&amp#27;[0m                         &amp#27;[90m# starter.stepdefinition.RegisterStep.iInputEmailOnFieldEmail(java.lang.String)&amp#27;[0m
15:11:56.823 [main] DEBUG net.thucydides.core.steps.StepInterceptor - STARTING STEP: RegisterStep.iInputPasswordOnFieldPassword - inputPassword
15:11:56.828 [main] DEBUG net.thucydides.core.steps.StepInterceptor - STEP DONE: inputPassword
  &amp#27;[32mAnd &amp#27;[0m&amp#27;[32mI input password &amp#27;[0m&amp#27;[32m&amp#27;[1m"qualityengineer"&amp#27;[0m&amp#27;[32m on field Password&amp#27;[0m                      &amp#27;[90m# starter.stepdefinition.RegisterStep.iInputPasswordOnFieldPassword(java.lang.String)&amp#27;[0m
15:11:56.834 [main] DEBUG net.thucydides.core.steps.StepInterceptor - STARTING STEP: RegisterStep.clickRegisterButton - clickButtonRegis
15:11:56.834 [main] DEBUG net.thucydides.core.steps.StepInterceptor - STEP DONE: clickButtonRegis
  &amp#27;[32mAnd &amp#27;[0m&amp#27;[32mI click register button&amp#27;[0m                                                   &amp#27;[90m# starter.stepdefinition.RegisterStep.clickRegisterButton()&amp#27;[0m
15:11:56.849 [main] DEBUG net.thucydides.core.steps.StepInterceptor - STARTING STEP: RegisterStep.onSigninPage - validateOnLoginPage
15:11:56.849 [main] DEBUG net.thucydides.core.steps.StepInterceptor - STEP DONE: validateOnLoginPage
  &amp#27;[32mThen &amp#27;[0m&amp#27;[32mI am on signin page&amp#27;[0m                                                      &amp#27;[90m# starter.stepdefinition.RegisterStep.onSigninPage()&amp#27;[0m
15:11:56.849 [main] INFO  - 
  _____   ___   ___   _____     ___     _     ___   ___   ___   ___  
 |_   _| | __| / __| |_   _|   | _ \   /_\   / __| / __| | __| |   \ 
   | |   | _|  \__ \   | |     |  _/  / _ \  \__ \ \__ \ | _|  | |) |
   |_|   |___| |___/   |_|     |_|   /_/ \_\ |___/ |___/ |___| |___/ 

Users want to register an account on this website (Register2)
----------------------------------------------------------------------
]]></system-out>
  </testcase>
  <testcase name="The user wants to register an account on this website, but the email already exists" classname="Register" time="0.224">
    <system-out><![CDATA[
Scenario Outline: The user wants to register an account on this website, but the email already exists &amp#27;[90m# src/test/resources/features/register.feature:26&amp#27;[0m
15:11:56.885 [main] INFO io.cucumber.core.plugin.SerenityReporter - Running feature from file:///C:/Users/RICO/IdeaProjects/mini-project-alta/src/test/resources/features/register.feature
15:11:56.890 [main] INFO  - 
  _____   ___   ___   _____     ___   _____     _     ___   _____   ___   ___  
 |_   _| | __| / __| |_   _|   / __| |_   _|   /_\   | _ \ |_   _| | __| |   \ 
   | |   | _|  \__ \   | |     \__ \   | |    / _ \  |   /   | |   | _|  | |) |
   |_|   |___| |___/   |_|     |___/   |_|   /_/ \_\ |_|_\   |_|   |___| |___/ 

The user wants to register an account on this website, but the email already exists(register;the-user-wants-to-register-an-account-on-this-website--but-the-email-already-exists)
--------------------------------------------------------------------------------
15:11:56.957 [main] DEBUG net.thucydides.core.steps.StepInterceptor - STARTING STEP: RegisterStep.iAmOnLandingPage - onPageHomee
15:11:56.960 [main] DEBUG net.thucydides.core.steps.StepInterceptor - STEP DONE: onPageHomee
  &amp#27;[32mGiven &amp#27;[0m&amp#27;[32mI am on landing page&amp#27;[0m                                                                          &amp#27;[90m# starter.stepdefinition.RegisterStep.iAmOnLandingPage()&amp#27;[0m
15:11:56.968 [main] DEBUG net.thucydides.core.steps.StepInterceptor - STARTING STEP: RegisterStep.iClickButtonSignin - openSigninPage
15:11:56.975 [main] DEBUG net.thucydides.core.steps.StepInterceptor - STEP DONE: openSigninPage
  &amp#27;[32mWhen &amp#27;[0m&amp#27;[32mI click button signin&amp#27;[0m                                                                          &amp#27;[90m# starter.stepdefinition.RegisterStep.iClickButtonSignin()&amp#27;[0m
15:11:56.982 [main] DEBUG net.thucydides.core.steps.StepInterceptor - STARTING STEP: RegisterStep.iAmOnPageLogin - validateOnLoginPage
15:11:56.985 [main] DEBUG net.thucydides.core.steps.StepInterceptor - STEP DONE: validateOnLoginPage
  &amp#27;[32mAnd &amp#27;[0m&amp#27;[32mI am on page login&amp#27;[0m                                                                              &amp#27;[90m# starter.stepdefinition.RegisterStep.iAmOnPageLogin()&amp#27;[0m
15:11:56.992 [main] DEBUG net.thucydides.core.steps.StepInterceptor - STARTING STEP: RegisterStep.iClickRegister - clickRegister
15:11:56.999 [main] DEBUG net.thucydides.core.steps.StepInterceptor - STEP DONE: clickRegister
  &amp#27;[32mAnd &amp#27;[0m&amp#27;[32mI click register&amp#27;[0m                                                                                &amp#27;[90m# starter.stepdefinition.RegisterStep.iClickRegister()&amp#27;[0m
15:11:57.006 [main] DEBUG net.thucydides.core.steps.StepInterceptor - STARTING STEP: RegisterStep.iInputNamaOnFieldNamalengkap - inputNama
15:11:57.014 [main] DEBUG net.thucydides.core.steps.StepInterceptor - STEP DONE: inputNama
  &amp#27;[32mAnd &amp#27;[0m&amp#27;[32mI input nama &amp#27;[0m&amp#27;[32m&amp#27;[1m"Bang Toyib"&amp#27;[0m&amp#27;[32m on field nama Lengkap&amp#27;[0m                                                 &amp#27;[90m# starter.stepdefinition.RegisterStep.iInputNamaOnFieldNamalengkap(java.lang.String)&amp#27;[0m
15:11:57.023 [main] DEBUG net.thucydides.core.steps.StepInterceptor - STARTING STEP: RegisterStep.iInputEmailOnFieldMail - inputEmail
15:11:57.029 [main] DEBUG net.thucydides.core.steps.StepInterceptor - STEP DONE: inputEmail
  &amp#27;[32mAnd &amp#27;[0m&amp#27;[32mI input email &amp#27;[0m&amp#27;[32m&amp#27;[1m"rikoshtp@gmail.com"&amp#27;[0m&amp#27;[32m on field email&amp#27;[0m                                               &amp#27;[90m# starter.stepdefinition.RegisterStep.iInputEmailOnFieldMail(java.lang.String)&amp#27;[0m
15:11:57.036 [main] DEBUG net.thucydides.core.steps.StepInterceptor - STARTING STEP: RegisterStep.iInputPasswordOnFieldPwd - inputPassword
15:11:57.040 [main] DEBUG net.thucydides.core.steps.StepInterceptor - STEP DONE: inputPassword
  &amp#27;[32mAnd &amp#27;[0m&amp#27;[32mI input password &amp#27;[0m&amp#27;[32m&amp#27;[1m"qualityengineer"&amp#27;[0m&amp#27;[32m on field password&amp#27;[0m                                            &amp#27;[90m# starter.stepdefinition.RegisterStep.iInputPasswordOnFieldPwd(java.lang.String)&amp#27;[0m
15:11:57.048 [main] DEBUG net.thucydides.core.steps.StepInterceptor - STARTING STEP: RegisterStep.iClickButtonRegister - clickButtonRegis
15:11:57.056 [main] DEBUG net.thucydides.core.steps.StepInterceptor - STEP DONE: clickButtonRegis
  &amp#27;[32mAnd &amp#27;[0m&amp#27;[32mI click button register&amp#27;[0m                                                                         &amp#27;[90m# starter.stepdefinition.RegisterStep.iClickButtonRegister()&amp#27;[0m
15:11:57.063 [main] DEBUG net.thucydides.core.steps.StepInterceptor - STARTING STEP: RegisterStep.iAmOnSigInPage - showErrorRegister
15:11:57.066 [main] DEBUG net.thucydides.core.steps.StepInterceptor - STEP DONE: showErrorRegister
  &amp#27;[32mThen &amp#27;[0m&amp#27;[32mShow alert error&amp#27;[0m                                                                               &amp#27;[90m# starter.stepdefinition.RegisterStep.iAmOnSigInPage()&amp#27;[0m
15:11:57.071 [main] INFO  - 
  _____   ___   ___   _____     ___     _     ___   ___   ___   ___  
 |_   _| | __| / __| |_   _|   | _ \   /_\   / __| / __| | __| |   \ 
   | |   | _|  \__ \   | |     |  _/  / _ \  \__ \ \__ \ | _|  | |) |
   |_|   |___| |___/   |_|     |_|   /_/ \_\ |___/ |___/ |___| |___/ 

The user wants to register an account on this website, but the email already exists
----------------------------------------------------------------------
]]></system-out>
  </testcase>
</testsuite>